<?xml version="1.0" encoding="UTF-8" standalone="yes"?><!DOCTYPE report PUBLIC "-//JACOCO//DTD Report 1.1//EN" "report.dtd"><report name="parking-system"><sessioninfo id="DESKTOP-PFMJ4S4-6ceaa69" start="1624979568099" dump="1624979573441"/><sessioninfo id="DESKTOP-PFMJ4S4-68d016bd" start="1624980841028" dump="1624980846069"/><sessioninfo id="DESKTOP-PFMJ4S4-19a2cbb1" start="1624980865896" dump="1624980875652"/><sessioninfo id="DESKTOP-PFMJ4S4-3a911e09" start="1624983702879" dump="1624983707886"/><sessioninfo id="DESKTOP-PFMJ4S4-5fa0346e" start="1624983730104" dump="1624983739556"/></report>