<?xml version="1.0" encoding="UTF-8" standalone="yes"?><!DOCTYPE report PUBLIC "-//JACOCO//DTD Report 1.1//EN" "report.dtd"><report name="parking-system"><sessioninfo id="DESKTOP-PFMJ4S4-a0a6496c" start="1623760948285" dump="1623760951813"/><sessioninfo id="DESKTOP-PFMJ4S4-b935f85e" start="1623761015414" dump="1623761019098"/><sessioninfo id="DESKTOP-PFMJ4S4-bf75d3db" start="1623761299069" dump="1623761302679"/><sessioninfo id="DESKTOP-PFMJ4S4-7f508eaf" start="1623761378554" dump="1623761382213"/><sessioninfo id="DESKTOP-PFMJ4S4-28aae9e8" start="1623761527091" dump="1623761530461"/><sessioninfo id="DESKTOP-PFMJ4S4-7e7aaf5a" start="1623761701771" dump="1623761705253"/><sessioninfo id="DESKTOP-PFMJ4S4-a35d328e" start="1623764898206" dump="1623764901991"/><sessioninfo id="DESKTOP-PFMJ4S4-34ff3264" start="1623764986776" dump="1623764993585"/><sessioninfo id="DESKTOP-PFMJ4S4-1d4a9b73" start="1624013692632" dump="1624013697132"/><sessioninfo id="DESKTOP-PFMJ4S4-3ceb4a65" start="1624013899786" dump="1624013904983"/><sessioninfo id="DESKTOP-PFMJ4S4-15364374" start="1624014043389" dump="1624014048475"/></report>