<?xml version="1.0" encoding="UTF-8"?>
<testsuite xmlns:xsi="http://www.w3.org/2001/XMLSchema-instance" xsi:noNamespaceSchemaLocation="https://maven.apache.org/surefire/maven-surefire-plugin/xsd/surefire-test-report.xsd" name="com.parkit.parkingsystem.FareCalculatorServiceTest" time="0.038" tests="9" errors="0" skipped="0" failures="4">
  <properties>
    <property name="java.specification.version" value="21"/>
    <property name="sun.jnu.encoding" value="UTF-8"/>
    <property name="java.class.path" value="/Users/mauriciolopez/Documents/Formation_Dev_salesforce/projets/p5/parkingsystem/target/test-classes:/Users/mauriciolopez/Documents/Formation_Dev_salesforce/projets/p5/parkingsystem/target/classes:/Users/mauriciolopez/.m2/repository/org/apache/logging/log4j/log4j-api/2.12.1/log4j-api-2.12.1.jar:/Users/mauriciolopez/.m2/repository/org/apache/logging/log4j/log4j-core/2.12.1/log4j-core-2.12.1.jar:/Users/mauriciolopez/.m2/repository/mysql/mysql-connector-java/8.0.17/mysql-connector-java-8.0.17.jar:/Users/mauriciolopez/.m2/repository/com/google/protobuf/protobuf-java/3.6.1/protobuf-java-3.6.1.jar:/Users/mauriciolopez/.m2/repository/org/junit/jupiter/junit-jupiter-api/5.3.2/junit-jupiter-api-5.3.2.jar:/Users/mauriciolopez/.m2/repository/org/apiguardian/apiguardian-api/1.0.0/apiguardian-api-1.0.0.jar:/Users/mauriciolopez/.m2/repository/org/opentest4j/opentest4j/1.1.1/opentest4j-1.1.1.jar:/Users/mauriciolopez/.m2/repository/org/junit/platform/junit-platform-commons/1.3.2/junit-platform-commons-1.3.2.jar:/Users/mauriciolopez/.m2/repository/org/junit/jupiter/junit-jupiter-engine/5.3.2/junit-jupiter-engine-5.3.2.jar:/Users/mauriciolopez/.m2/repository/org/junit/platform/junit-platform-engine/1.3.2/junit-platform-engine-1.3.2.jar:/Users/mauriciolopez/.m2/repository/org/mockito/mockito-junit-jupiter/2.23.4/mockito-junit-jupiter-2.23.4.jar:/Users/mauriciolopez/.m2/repository/org/mockito/mockito-core/2.23.4/mockito-core-2.23.4.jar:/Users/mauriciolopez/.m2/repository/net/bytebuddy/byte-buddy/1.9.3/byte-buddy-1.9.3.jar:/Users/mauriciolopez/.m2/repository/net/bytebuddy/byte-buddy-agent/1.9.3/byte-buddy-agent-1.9.3.jar:/Users/mauriciolopez/.m2/repository/org/objenesis/objenesis/2.6/objenesis-2.6.jar:/Users/mauriciolopez/.m2/repository/org/jacoco/jacoco-maven-plugin/0.8.5/jacoco-maven-plugin-0.8.5.jar:/Users/mauriciolopez/.m2/repository/org/apache/maven/maven-plugin-api/3.0/maven-plugin-api-3.0.jar:/Users/mauriciolopez/.m2/repository/org/sonatype/sisu/sisu-inject-plexus/1.4.2/sisu-inject-plexus-1.4.2.jar:/Users/mauriciolopez/.m2/repository/org/sonatype/sisu/sisu-inject-bean/1.4.2/sisu-inject-bean-1.4.2.jar:/Users/mauriciolopez/.m2/repository/org/sonatype/sisu/sisu-guice/2.1.7/sisu-guice-2.1.7-noaop.jar:/Users/mauriciolopez/.m2/repository/org/apache/maven/maven-core/3.0/maven-core-3.0.jar:/Users/mauriciolopez/.m2/repository/org/apache/maven/maven-settings/3.0/maven-settings-3.0.jar:/Users/mauriciolopez/.m2/repository/org/apache/maven/maven-settings-builder/3.0/maven-settings-builder-3.0.jar:/Users/mauriciolopez/.m2/repository/org/apache/maven/maven-repository-metadata/3.0/maven-repository-metadata-3.0.jar:/Users/mauriciolopez/.m2/repository/org/apache/maven/maven-model-builder/3.0/maven-model-builder-3.0.jar:/Users/mauriciolopez/.m2/repository/org/apache/maven/maven-aether-provider/3.0/maven-aether-provider-3.0.jar:/Users/mauriciolopez/.m2/repository/org/sonatype/aether/aether-impl/1.7/aether-impl-1.7.jar:/Users/mauriciolopez/.m2/repository/org/sonatype/aether/aether-spi/1.7/aether-spi-1.7.jar:/Users/mauriciolopez/.m2/repository/org/sonatype/aether/aether-api/1.7/aether-api-1.7.jar:/Users/mauriciolopez/.m2/repository/org/sonatype/aether/aether-util/1.7/aether-util-1.7.jar:/Users/mauriciolopez/.m2/repository/org/codehaus/plexus/plexus-classworlds/2.2.3/plexus-classworlds-2.2.3.jar:/Users/mauriciolopez/.m2/repository/org/codehaus/plexus/plexus-component-annotations/1.5.5/plexus-component-annotations-1.5.5.jar:/Users/mauriciolopez/.m2/repository/org/sonatype/plexus/plexus-sec-dispatcher/1.3/plexus-sec-dispatcher-1.3.jar:/Users/mauriciolopez/.m2/repository/org/sonatype/plexus/plexus-cipher/1.4/plexus-cipher-1.4.jar:/Users/mauriciolopez/.m2/repository/org/codehaus/plexus/plexus-utils/3.0.22/plexus-utils-3.0.22.jar:/Users/mauriciolopez/.m2/repository/org/apache/maven/shared/file-management/1.2.1/file-management-1.2.1.jar:/Users/mauriciolopez/.m2/repository/org/codehaus/plexus/plexus-container-default/1.0-alpha-9/plexus-container-default-1.0-alpha-9.jar:/Users/mauriciolopez/.m2/repository/junit/junit/3.8.1/junit-3.8.1.jar:/Users/mauriciolopez/.m2/repository/classworlds/classworlds/1.1-alpha-2/classworlds-1.1-alpha-2.jar:/Users/mauriciolopez/.m2/repository/org/apache/maven/reporting/maven-reporting-api/3.0/maven-reporting-api-3.0.jar:/Users/mauriciolopez/.m2/repository/org/apache/maven/doxia/doxia-sink-api/1.0/doxia-sink-api-1.0.jar:/Users/mauriciolopez/.m2/repository/org/apache/maven/reporting/maven-reporting-impl/2.1/maven-reporting-impl-2.1.jar:/Users/mauriciolopez/.m2/repository/org/apache/maven/maven-project/2.0.10/maven-project-2.0.10.jar:/Users/mauriciolopez/.m2/repository/org/apache/maven/maven-profile/2.0.10/maven-profile-2.0.10.jar:/Users/mauriciolopez/.m2/repository/org/apache/maven/maven-artifact-manager/2.0.10/maven-artifact-manager-2.0.10.jar:/Users/mauriciolopez/.m2/repository/org/apache/maven/maven-plugin-registry/2.0.10/maven-plugin-registry-2.0.10.jar:/Users/mauriciolopez/.m2/repository/org/apache/maven/doxia/doxia-core/1.1.2/doxia-core-1.1.2.jar:/Users/mauriciolopez/.m2/repository/org/apache/maven/doxia/doxia-logging-api/1.1.2/doxia-logging-api-1.1.2.jar:/Users/mauriciolopez/.m2/repository/xerces/xercesImpl/2.8.1/xercesImpl-2.8.1.jar:/Users/mauriciolopez/.m2/repository/commons-lang/commons-lang/2.4/commons-lang-2.4.jar:/Users/mauriciolopez/.m2/repository/commons-httpclient/commons-httpclient/3.1/commons-httpclient-3.1.jar:/Users/mauriciolopez/.m2/repository/org/apache/maven/doxia/doxia-site-renderer/1.1.2/doxia-site-renderer-1.1.2.jar:/Users/mauriciolopez/.m2/repository/org/apache/maven/doxia/doxia-decoration-model/1.1.2/doxia-decoration-model-1.1.2.jar:/Users/mauriciolopez/.m2/repository/org/apache/maven/doxia/doxia-module-xhtml/1.1.2/doxia-module-xhtml-1.1.2.jar:/Users/mauriciolopez/.m2/repository/org/apache/maven/doxia/doxia-module-fml/1.1.2/doxia-module-fml-1.1.2.jar:/Users/mauriciolopez/.m2/repository/org/codehaus/plexus/plexus-i18n/1.0-beta-7/plexus-i18n-1.0-beta-7.jar:/Users/mauriciolopez/.m2/repository/org/codehaus/plexus/plexus-velocity/1.1.7/plexus-velocity-1.1.7.jar:/Users/mauriciolopez/.m2/repository/org/apache/velocity/velocity/1.5/velocity-1.5.jar:/Users/mauriciolopez/.m2/repository/commons-collections/commons-collections/3.2/commons-collections-3.2.jar:/Users/mauriciolopez/.m2/repository/commons-validator/commons-validator/1.2.0/commons-validator-1.2.0.jar:/Users/mauriciolopez/.m2/repository/commons-beanutils/commons-beanutils/1.7.0/commons-beanutils-1.7.0.jar:/Users/mauriciolopez/.m2/repository/commons-digester/commons-digester/1.6/commons-digester-1.6.jar:/Users/mauriciolopez/.m2/repository/commons-logging/commons-logging/1.0.4/commons-logging-1.0.4.jar:/Users/mauriciolopez/.m2/repository/oro/oro/2.0.8/oro-2.0.8.jar:/Users/mauriciolopez/.m2/repository/xml-apis/xml-apis/1.0.b2/xml-apis-1.0.b2.jar:/Users/mauriciolopez/.m2/repository/org/jacoco/org.jacoco.agent/0.8.5/org.jacoco.agent-0.8.5-runtime.jar:/Users/mauriciolopez/.m2/repository/org/jacoco/org.jacoco.core/0.8.5/org.jacoco.core-0.8.5.jar:/Users/mauriciolopez/.m2/repository/org/ow2/asm/asm/7.2/asm-7.2.jar:/Users/mauriciolopez/.m2/repository/org/ow2/asm/asm-commons/7.2/asm-commons-7.2.jar:/Users/mauriciolopez/.m2/repository/org/ow2/asm/asm-analysis/7.2/asm-analysis-7.2.jar:/Users/mauriciolopez/.m2/repository/org/ow2/asm/asm-tree/7.2/asm-tree-7.2.jar:/Users/mauriciolopez/.m2/repository/org/jacoco/org.jacoco.report/0.8.5/org.jacoco.report-0.8.5.jar:/Users/mauriciolopez/.m2/repository/org/apache/maven/plugins/maven-assembly-plugin/3.0.0/maven-assembly-plugin-3.0.0.jar:/Users/mauriciolopez/.m2/repository/org/apache/maven/maven-artifact/3.0/maven-artifact-3.0.jar:/Users/mauriciolopez/.m2/repository/org/apache/maven/maven-model/3.0/maven-model-3.0.jar:/Users/mauriciolopez/.m2/repository/org/apache/maven/shared/maven-common-artifact-filters/3.0.1/maven-common-artifact-filters-3.0.1.jar:/Users/mauriciolopez/.m2/repository/org/apache/maven/shared/maven-shared-utils/3.1.0/maven-shared-utils-3.1.0.jar:/Users/mauriciolopez/.m2/repository/org/apache/maven/shared/maven-artifact-transfer/0.9.0/maven-artifact-transfer-0.9.0.jar:/Users/mauriciolopez/.m2/repository/org/slf4j/slf4j-api/1.7.5/slf4j-api-1.7.5.jar:/Users/mauriciolopez/.m2/repository/org/codehaus/plexus/plexus-interpolation/1.24/plexus-interpolation-1.24.jar:/Users/mauriciolopez/.m2/repository/org/codehaus/plexus/plexus-archiver/3.4/plexus-archiver-3.4.jar:/Users/mauriciolopez/.m2/repository/org/apache/commons/commons-compress/1.11/commons-compress-1.11.jar:/Users/mauriciolopez/.m2/repository/org/iq80/snappy/snappy/0.4/snappy-0.4.jar:/Users/mauriciolopez/.m2/repository/org/tukaani/xz/1.5/xz-1.5.jar:/Users/mauriciolopez/.m2/repository/org/apache/maven/shared/maven-shared-io/3.0.0/maven-shared-io-3.0.0.jar:/Users/mauriciolopez/.m2/repository/org/apache/maven/maven-compat/3.0/maven-compat-3.0.jar:/Users/mauriciolopez/.m2/repository/org/apache/maven/wagon/wagon-provider-api/2.10/wagon-provider-api-2.10.jar:/Users/mauriciolopez/.m2/repository/commons-io/commons-io/2.5/commons-io-2.5.jar:/Users/mauriciolopez/.m2/repository/org/apache/maven/shared/maven-filtering/3.1.1/maven-filtering-3.1.1.jar:/Users/mauriciolopez/.m2/repository/org/sonatype/plexus/plexus-build-api/0.0.7/plexus-build-api-0.0.7.jar:/Users/mauriciolopez/.m2/repository/org/codehaus/plexus/plexus-io/2.7.1/plexus-io-2.7.1.jar:/Users/mauriciolopez/.m2/repository/org/apache/maven/maven-archiver/3.1.1/maven-archiver-3.1.1.jar:/Users/mauriciolopez/.m2/repository/commons-codec/commons-codec/1.6/commons-codec-1.6.jar:"/>
    <property name="java.vm.vendor" value="Eclipse Adoptium"/>
    <property name="sun.arch.data.model" value="64"/>
    <property name="java.vendor.url" value="https://adoptium.net/"/>
    <property name="os.name" value="Mac OS X"/>
    <property name="java.vm.specification.version" value="21"/>
    <property name="sun.java.launcher" value="SUN_STANDARD"/>
    <property name="user.country" value="US"/>
    <property name="sun.boot.library.path" value="/Library/Java/JavaVirtualMachines/temurin-21.jdk/Contents/Home/lib"/>
    <property name="sun.java.command" value="/Users/mauriciolopez/Documents/Formation_Dev_salesforce/projets/p5/parkingsystem/target/surefire/surefirebooter1020294904897731988.jar /Users/mauriciolopez/Documents/Formation_Dev_salesforce/projets/p5/parkingsystem/target/surefire 2024-01-28T19-25-04_555-jvmRun1 surefire10218356662237185779tmp surefire_09513698497786924772tmp"/>
    <property name="http.nonProxyHosts" value="local|*.local|169.254/16|*.169.254/16"/>
    <property name="jdk.debug" value="release"/>
    <property name="surefire.test.class.path" value="/Users/mauriciolopez/Documents/Formation_Dev_salesforce/projets/p5/parkingsystem/target/test-classes:/Users/mauriciolopez/Documents/Formation_Dev_salesforce/projets/p5/parkingsystem/target/classes:/Users/mauriciolopez/.m2/repository/org/apache/logging/log4j/log4j-api/2.12.1/log4j-api-2.12.1.jar:/Users/mauriciolopez/.m2/repository/org/apache/logging/log4j/log4j-core/2.12.1/log4j-core-2.12.1.jar:/Users/mauriciolopez/.m2/repository/mysql/mysql-connector-java/8.0.17/mysql-connector-java-8.0.17.jar:/Users/mauriciolopez/.m2/repository/com/google/protobuf/protobuf-java/3.6.1/protobuf-java-3.6.1.jar:/Users/mauriciolopez/.m2/repository/org/junit/jupiter/junit-jupiter-api/5.3.2/junit-jupiter-api-5.3.2.jar:/Users/mauriciolopez/.m2/repository/org/apiguardian/apiguardian-api/1.0.0/apiguardian-api-1.0.0.jar:/Users/mauriciolopez/.m2/repository/org/opentest4j/opentest4j/1.1.1/opentest4j-1.1.1.jar:/Users/mauriciolopez/.m2/repository/org/junit/platform/junit-platform-commons/1.3.2/junit-platform-commons-1.3.2.jar:/Users/mauriciolopez/.m2/repository/org/junit/jupiter/junit-jupiter-engine/5.3.2/junit-jupiter-engine-5.3.2.jar:/Users/mauriciolopez/.m2/repository/org/junit/platform/junit-platform-engine/1.3.2/junit-platform-engine-1.3.2.jar:/Users/mauriciolopez/.m2/repository/org/mockito/mockito-junit-jupiter/2.23.4/mockito-junit-jupiter-2.23.4.jar:/Users/mauriciolopez/.m2/repository/org/mockito/mockito-core/2.23.4/mockito-core-2.23.4.jar:/Users/mauriciolopez/.m2/repository/net/bytebuddy/byte-buddy/1.9.3/byte-buddy-1.9.3.jar:/Users/mauriciolopez/.m2/repository/net/bytebuddy/byte-buddy-agent/1.9.3/byte-buddy-agent-1.9.3.jar:/Users/mauriciolopez/.m2/repository/org/objenesis/objenesis/2.6/objenesis-2.6.jar:/Users/mauriciolopez/.m2/repository/org/jacoco/jacoco-maven-plugin/0.8.5/jacoco-maven-plugin-0.8.5.jar:/Users/mauriciolopez/.m2/repository/org/apache/maven/maven-plugin-api/3.0/maven-plugin-api-3.0.jar:/Users/mauriciolopez/.m2/repository/org/sonatype/sisu/sisu-inject-plexus/1.4.2/sisu-inject-plexus-1.4.2.jar:/Users/mauriciolopez/.m2/repository/org/sonatype/sisu/sisu-inject-bean/1.4.2/sisu-inject-bean-1.4.2.jar:/Users/mauriciolopez/.m2/repository/org/sonatype/sisu/sisu-guice/2.1.7/sisu-guice-2.1.7-noaop.jar:/Users/mauriciolopez/.m2/repository/org/apache/maven/maven-core/3.0/maven-core-3.0.jar:/Users/mauriciolopez/.m2/repository/org/apache/maven/maven-settings/3.0/maven-settings-3.0.jar:/Users/mauriciolopez/.m2/repository/org/apache/maven/maven-settings-builder/3.0/maven-settings-builder-3.0.jar:/Users/mauriciolopez/.m2/repository/org/apache/maven/maven-repository-metadata/3.0/maven-repository-metadata-3.0.jar:/Users/mauriciolopez/.m2/repository/org/apache/maven/maven-model-builder/3.0/maven-model-builder-3.0.jar:/Users/mauriciolopez/.m2/repository/org/apache/maven/maven-aether-provider/3.0/maven-aether-provider-3.0.jar:/Users/mauriciolopez/.m2/repository/org/sonatype/aether/aether-impl/1.7/aether-impl-1.7.jar:/Users/mauriciolopez/.m2/repository/org/sonatype/aether/aether-spi/1.7/aether-spi-1.7.jar:/Users/mauriciolopez/.m2/repository/org/sonatype/aether/aether-api/1.7/aether-api-1.7.jar:/Users/mauriciolopez/.m2/repository/org/sonatype/aether/aether-util/1.7/aether-util-1.7.jar:/Users/mauriciolopez/.m2/repository/org/codehaus/plexus/plexus-classworlds/2.2.3/plexus-classworlds-2.2.3.jar:/Users/mauriciolopez/.m2/repository/org/codehaus/plexus/plexus-component-annotations/1.5.5/plexus-component-annotations-1.5.5.jar:/Users/mauriciolopez/.m2/repository/org/sonatype/plexus/plexus-sec-dispatcher/1.3/plexus-sec-dispatcher-1.3.jar:/Users/mauriciolopez/.m2/repository/org/sonatype/plexus/plexus-cipher/1.4/plexus-cipher-1.4.jar:/Users/mauriciolopez/.m2/repository/org/codehaus/plexus/plexus-utils/3.0.22/plexus-utils-3.0.22.jar:/Users/mauriciolopez/.m2/repository/org/apache/maven/shared/file-management/1.2.1/file-management-1.2.1.jar:/Users/mauriciolopez/.m2/repository/org/codehaus/plexus/plexus-container-default/1.0-alpha-9/plexus-container-default-1.0-alpha-9.jar:/Users/mauriciolopez/.m2/repository/junit/junit/3.8.1/junit-3.8.1.jar:/Users/mauriciolopez/.m2/repository/classworlds/classworlds/1.1-alpha-2/classworlds-1.1-alpha-2.jar:/Users/mauriciolopez/.m2/repository/org/apache/maven/reporting/maven-reporting-api/3.0/maven-reporting-api-3.0.jar:/Users/mauriciolopez/.m2/repository/org/apache/maven/doxia/doxia-sink-api/1.0/doxia-sink-api-1.0.jar:/Users/mauriciolopez/.m2/repository/org/apache/maven/reporting/maven-reporting-impl/2.1/maven-reporting-impl-2.1.jar:/Users/mauriciolopez/.m2/repository/org/apache/maven/maven-project/2.0.10/maven-project-2.0.10.jar:/Users/mauriciolopez/.m2/repository/org/apache/maven/maven-profile/2.0.10/maven-profile-2.0.10.jar:/Users/mauriciolopez/.m2/repository/org/apache/maven/maven-artifact-manager/2.0.10/maven-artifact-manager-2.0.10.jar:/Users/mauriciolopez/.m2/repository/org/apache/maven/maven-plugin-registry/2.0.10/maven-plugin-registry-2.0.10.jar:/Users/mauriciolopez/.m2/repository/org/apache/maven/doxia/doxia-core/1.1.2/doxia-core-1.1.2.jar:/Users/mauriciolopez/.m2/repository/org/apache/maven/doxia/doxia-logging-api/1.1.2/doxia-logging-api-1.1.2.jar:/Users/mauriciolopez/.m2/repository/xerces/xercesImpl/2.8.1/xercesImpl-2.8.1.jar:/Users/mauriciolopez/.m2/repository/commons-lang/commons-lang/2.4/commons-lang-2.4.jar:/Users/mauriciolopez/.m2/repository/commons-httpclient/commons-httpclient/3.1/commons-httpclient-3.1.jar:/Users/mauriciolopez/.m2/repository/org/apache/maven/doxia/doxia-site-renderer/1.1.2/doxia-site-renderer-1.1.2.jar:/Users/mauriciolopez/.m2/repository/org/apache/maven/doxia/doxia-decoration-model/1.1.2/doxia-decoration-model-1.1.2.jar:/Users/mauriciolopez/.m2/repository/org/apache/maven/doxia/doxia-module-xhtml/1.1.2/doxia-module-xhtml-1.1.2.jar:/Users/mauriciolopez/.m2/repository/org/apache/maven/doxia/doxia-module-fml/1.1.2/doxia-module-fml-1.1.2.jar:/Users/mauriciolopez/.m2/repository/org/codehaus/plexus/plexus-i18n/1.0-beta-7/plexus-i18n-1.0-beta-7.jar:/Users/mauriciolopez/.m2/repository/org/codehaus/plexus/plexus-velocity/1.1.7/plexus-velocity-1.1.7.jar:/Users/mauriciolopez/.m2/repository/org/apache/velocity/velocity/1.5/velocity-1.5.jar:/Users/mauriciolopez/.m2/repository/commons-collections/commons-collections/3.2/commons-collections-3.2.jar:/Users/mauriciolopez/.m2/repository/commons-validator/commons-validator/1.2.0/commons-validator-1.2.0.jar:/Users/mauriciolopez/.m2/repository/commons-beanutils/commons-beanutils/1.7.0/commons-beanutils-1.7.0.jar:/Users/mauriciolopez/.m2/repository/commons-digester/commons-digester/1.6/commons-digester-1.6.jar:/Users/mauriciolopez/.m2/repository/commons-logging/commons-logging/1.0.4/commons-logging-1.0.4.jar:/Users/mauriciolopez/.m2/repository/oro/oro/2.0.8/oro-2.0.8.jar:/Users/mauriciolopez/.m2/repository/xml-apis/xml-apis/1.0.b2/xml-apis-1.0.b2.jar:/Users/mauriciolopez/.m2/repository/org/jacoco/org.jacoco.agent/0.8.5/org.jacoco.agent-0.8.5-runtime.jar:/Users/mauriciolopez/.m2/repository/org/jacoco/org.jacoco.core/0.8.5/org.jacoco.core-0.8.5.jar:/Users/mauriciolopez/.m2/repository/org/ow2/asm/asm/7.2/asm-7.2.jar:/Users/mauriciolopez/.m2/repository/org/ow2/asm/asm-commons/7.2/asm-commons-7.2.jar:/Users/mauriciolopez/.m2/repository/org/ow2/asm/asm-analysis/7.2/asm-analysis-7.2.jar:/Users/mauriciolopez/.m2/repository/org/ow2/asm/asm-tree/7.2/asm-tree-7.2.jar:/Users/mauriciolopez/.m2/repository/org/jacoco/org.jacoco.report/0.8.5/org.jacoco.report-0.8.5.jar:/Users/mauriciolopez/.m2/repository/org/apache/maven/plugins/maven-assembly-plugin/3.0.0/maven-assembly-plugin-3.0.0.jar:/Users/mauriciolopez/.m2/repository/org/apache/maven/maven-artifact/3.0/maven-artifact-3.0.jar:/Users/mauriciolopez/.m2/repository/org/apache/maven/maven-model/3.0/maven-model-3.0.jar:/Users/mauriciolopez/.m2/repository/org/apache/maven/shared/maven-common-artifact-filters/3.0.1/maven-common-artifact-filters-3.0.1.jar:/Users/mauriciolopez/.m2/repository/org/apache/maven/shared/maven-shared-utils/3.1.0/maven-shared-utils-3.1.0.jar:/Users/mauriciolopez/.m2/repository/org/apache/maven/shared/maven-artifact-transfer/0.9.0/maven-artifact-transfer-0.9.0.jar:/Users/mauriciolopez/.m2/repository/org/slf4j/slf4j-api/1.7.5/slf4j-api-1.7.5.jar:/Users/mauriciolopez/.m2/repository/org/codehaus/plexus/plexus-interpolation/1.24/plexus-interpolation-1.24.jar:/Users/mauriciolopez/.m2/repository/org/codehaus/plexus/plexus-archiver/3.4/plexus-archiver-3.4.jar:/Users/mauriciolopez/.m2/repository/org/apache/commons/commons-compress/1.11/commons-compress-1.11.jar:/Users/mauriciolopez/.m2/repository/org/iq80/snappy/snappy/0.4/snappy-0.4.jar:/Users/mauriciolopez/.m2/repository/org/tukaani/xz/1.5/xz-1.5.jar:/Users/mauriciolopez/.m2/repository/org/apache/maven/shared/maven-shared-io/3.0.0/maven-shared-io-3.0.0.jar:/Users/mauriciolopez/.m2/repository/org/apache/maven/maven-compat/3.0/maven-compat-3.0.jar:/Users/mauriciolopez/.m2/repository/org/apache/maven/wagon/wagon-provider-api/2.10/wagon-provider-api-2.10.jar:/Users/mauriciolopez/.m2/repository/commons-io/commons-io/2.5/commons-io-2.5.jar:/Users/mauriciolopez/.m2/repository/org/apache/maven/shared/maven-filtering/3.1.1/maven-filtering-3.1.1.jar:/Users/mauriciolopez/.m2/repository/org/sonatype/plexus/plexus-build-api/0.0.7/plexus-build-api-0.0.7.jar:/Users/mauriciolopez/.m2/repository/org/codehaus/plexus/plexus-io/2.7.1/plexus-io-2.7.1.jar:/Users/mauriciolopez/.m2/repository/org/apache/maven/maven-archiver/3.1.1/maven-archiver-3.1.1.jar:/Users/mauriciolopez/.m2/repository/commons-codec/commons-codec/1.6/commons-codec-1.6.jar:"/>
    <property name="sun.cpu.endian" value="little"/>
    <property name="user.home" value="/Users/mauriciolopez"/>
    <property name="user.language" value="en"/>
    <property name="java.specification.vendor" value="Oracle Corporation"/>
    <property name="java.version.date" value="2023-10-17"/>
    <property name="java.home" value="/Library/Java/JavaVirtualMachines/temurin-21.jdk/Contents/Home"/>
    <property name="file.separator" value="/"/>
    <property name="basedir" value="/Users/mauriciolopez/Documents/Formation_Dev_salesforce/projets/p5/parkingsystem"/>
    <property name="java.vm.compressedOopsMode" value="Zero based"/>
    <property name="line.separator" value="&#10;"/>
    <property name="java.vm.specification.vendor" value="Oracle Corporation"/>
    <property name="java.specification.name" value="Java Platform API Specification"/>
    <property name="apple.awt.application.name" value="ForkedBooter"/>
    <property name="surefire.real.class.path" value="/Users/mauriciolopez/Documents/Formation_Dev_salesforce/projets/p5/parkingsystem/target/surefire/surefirebooter1020294904897731988.jar"/>
    <property name="sun.management.compiler" value="HotSpot 64-Bit Tiered Compilers"/>
    <property name="ftp.nonProxyHosts" value="local|*.local|169.254/16|*.169.254/16"/>
    <property name="java.runtime.version" value="21.0.1+12-LTS"/>
    <property name="user.name" value="mauriciolopez"/>
    <property name="stdout.encoding" value="UTF-8"/>
    <property name="path.separator" value=":"/>
    <property name="os.version" value="13.1"/>
    <property name="java.runtime.name" value="OpenJDK Runtime Environment"/>
    <property name="file.encoding" value="UTF-8"/>
    <property name="java.vm.name" value="OpenJDK 64-Bit Server VM"/>
    <property name="java.vendor.version" value="Temurin-21.0.1+12"/>
    <property name="localRepository" value="/Users/mauriciolopez/.m2/repository"/>
    <property name="java.vendor.url.bug" value="https://github.com/adoptium/adoptium-support/issues"/>
    <property name="java.io.tmpdir" value="/var/folders/yp/3rb_yrm14790d1lpyk3274hh0000gn/T/"/>
    <property name="java.version" value="21.0.1"/>
    <property name="user.dir" value="/Users/mauriciolopez/Documents/Formation_Dev_salesforce/projets/p5/parkingsystem"/>
    <property name="os.arch" value="aarch64"/>
    <property name="java.vm.specification.name" value="Java Virtual Machine Specification"/>
    <property name="native.encoding" value="UTF-8"/>
    <property name="java.library.path" value="/Users/mauriciolopez/Library/Java/Extensions:/Library/Java/Extensions:/Network/Library/Java/Extensions:/System/Library/Java/Extensions:/usr/lib/java:."/>
    <property name="java.vm.info" value="mixed mode"/>
    <property name="stderr.encoding" value="UTF-8"/>
    <property name="java.vendor" value="Eclipse Adoptium"/>
    <property name="java.vm.version" value="21.0.1+12-LTS"/>
    <property name="sun.io.unicode.encoding" value="UnicodeBig"/>
    <property name="socksNonProxyHosts" value="local|*.local|169.254/16|*.169.254/16"/>
    <property name="java.class.version" value="65.0"/>
  </properties>
  <testcase name="calculateFareCarWithLessThanOneHourParkingTime" classname="com.parkit.parkingsystem.FareCalculatorServiceTest" time="0.016">
    <failure message="expected: &lt;1.125&gt; but was: &lt;1.5&gt;" type="org.opentest4j.AssertionFailedError"><![CDATA[org.opentest4j.AssertionFailedError: expected: <1.125> but was: <1.5>
	at com.parkit.parkingsystem.FareCalculatorServiceTest.calculateFareCarWithLessThanOneHourParkingTime(FareCalculatorServiceTest.java:110)
]]></failure>
    <system-err><![CDATA[java.lang.instrument.IllegalClassFormatException: Error while instrumenting javax/script/ScriptEngine.
	at org.jacoco.agent.rt.internal_43f5073.CoverageTransformer.transform(CoverageTransformer.java:94)
	at java.instrument/java.lang.instrument.ClassFileTransformer.transform(ClassFileTransformer.java:244)
	at java.instrument/sun.instrument.TransformerManager.transform(TransformerManager.java:188)
	at java.instrument/sun.instrument.InstrumentationImpl.transform(InstrumentationImpl.java:610)
	at java.base/java.lang.ClassLoader.defineClass2(Native Method)
	at java.base/java.lang.ClassLoader.defineClass(ClassLoader.java:1118)
	at java.base/java.security.SecureClassLoader.defineClass(SecureClassLoader.java:182)
	at java.base/jdk.internal.loader.BuiltinClassLoader.defineClass(BuiltinClassLoader.java:821)
	at java.base/jdk.internal.loader.BuiltinClassLoader.findClassInModuleOrNull(BuiltinClassLoader.java:741)
	at java.base/jdk.internal.loader.BuiltinClassLoader.loadClassOrNull(BuiltinClassLoader.java:665)
	at java.base/jdk.internal.loader.BuiltinClassLoader.loadClassOrNull(BuiltinClassLoader.java:700)
	at java.base/jdk.internal.loader.BuiltinClassLoader.loadClassOrNull(BuiltinClassLoader.java:669)
	at java.base/jdk.internal.loader.BuiltinClassLoader.loadClass(BuiltinClassLoader.java:639)
	at java.base/jdk.internal.loader.ClassLoaders$AppClassLoader.loadClass(ClassLoaders.java:188)
	at java.base/java.lang.ClassLoader.loadClass(ClassLoader.java:526)
	at java.base/java.lang.Class.forName0(Native Method)
	at java.base/java.lang.Class.forName(Class.java:421)
	at java.base/java.lang.Class.forName(Class.java:412)
	at org.junit.jupiter.engine.extension.ScriptExecutionCondition$Evaluator.forName(ScriptExecutionCondition.java:139)
	at org.junit.jupiter.engine.extension.ScriptExecutionCondition$Evaluator.forName(ScriptExecutionCondition.java:133)
	at org.junit.jupiter.engine.extension.ScriptExecutionCondition.<init>(ScriptExecutionCondition.java:55)
	at org.junit.jupiter.engine.extension.ScriptExecutionCondition.<init>(ScriptExecutionCondition.java:50)
	at org.junit.jupiter.engine.extension.ExtensionRegistry.<clinit>(ExtensionRegistry.java:55)
	at org.junit.jupiter.engine.descriptor.JupiterEngineDescriptor.prepare(JupiterEngineDescriptor.java:37)
	at org.junit.jupiter.engine.descriptor.JupiterEngineDescriptor.prepare(JupiterEngineDescriptor.java:28)
	at org.junit.platform.engine.support.hierarchical.NodeTestTask.lambda$prepare$0(NodeTestTask.java:83)
	at org.junit.platform.engine.support.hierarchical.ThrowableCollector.execute(ThrowableCollector.java:72)
	at org.junit.platform.engine.support.hierarchical.NodeTestTask.prepare(NodeTestTask.java:83)
	at org.junit.platform.engine.support.hierarchical.NodeTestTask.execute(NodeTestTask.java:69)
	at org.junit.platform.engine.support.hierarchical.SameThreadHierarchicalTestExecutorService.submit(SameThreadHierarchicalTestExecutorService.java:32)
	at org.junit.platform.engine.support.hierarchical.HierarchicalTestExecutor.execute(HierarchicalTestExecutor.java:57)
	at org.junit.platform.engine.support.hierarchical.HierarchicalTestEngine.execute(HierarchicalTestEngine.java:51)
	at org.junit.platform.launcher.core.DefaultLauncher.execute(DefaultLauncher.java:170)
	at org.junit.platform.launcher.core.DefaultLauncher.execute(DefaultLauncher.java:154)
	at org.junit.platform.launcher.core.DefaultLauncher.execute(DefaultLauncher.java:90)
	at org.junit.platform.surefire.provider.JUnitPlatformProvider.invokeAllTests(JUnitPlatformProvider.java:132)
	at org.junit.platform.surefire.provider.JUnitPlatformProvider.invoke(JUnitPlatformProvider.java:111)
	at org.apache.maven.surefire.booter.ForkedBooter.invokeProviderInSameClassLoader(ForkedBooter.java:379)
	at org.apache.maven.surefire.booter.ForkedBooter.runSuitesInProcess(ForkedBooter.java:340)
	at org.apache.maven.surefire.booter.ForkedBooter.execute(ForkedBooter.java:125)
	at org.apache.maven.surefire.booter.ForkedBooter.main(ForkedBooter.java:413)
Caused by: java.io.IOException: Error while instrumenting javax/script/ScriptEngine.
	at org.jacoco.agent.rt.internal_43f5073.core.instr.Instrumenter.instrumentError(Instrumenter.java:159)
	at org.jacoco.agent.rt.internal_43f5073.core.instr.Instrumenter.instrument(Instrumenter.java:109)
	at org.jacoco.agent.rt.internal_43f5073.CoverageTransformer.transform(CoverageTransformer.java:92)
	... 40 more
Caused by: java.lang.IllegalArgumentException: Unsupported class file major version 65
	at org.jacoco.agent.rt.internal_43f5073.asm.ClassReader.<init>(ClassReader.java:195)
	at org.jacoco.agent.rt.internal_43f5073.asm.ClassReader.<init>(ClassReader.java:176)
	at org.jacoco.agent.rt.internal_43f5073.asm.ClassReader.<init>(ClassReader.java:162)
	at org.jacoco.agent.rt.internal_43f5073.core.internal.instr.InstrSupport.classReaderFor(InstrSupport.java:280)
	at org.jacoco.agent.rt.internal_43f5073.core.instr.Instrumenter.instrument(Instrumenter.java:75)
	at org.jacoco.agent.rt.internal_43f5073.core.instr.Instrumenter.instrument(Instrumenter.java:107)
	... 41 more
java.lang.instrument.IllegalClassFormatException: Error while instrumenting javax/script/Bindings.
	at org.jacoco.agent.rt.internal_43f5073.CoverageTransformer.transform(CoverageTransformer.java:94)
	at java.instrument/java.lang.instrument.ClassFileTransformer.transform(ClassFileTransformer.java:244)
	at java.instrument/sun.instrument.TransformerManager.transform(TransformerManager.java:188)
	at java.instrument/sun.instrument.InstrumentationImpl.transform(InstrumentationImpl.java:610)
	at java.base/java.lang.ClassLoader.defineClass2(Native Method)
	at java.base/java.lang.ClassLoader.defineClass(ClassLoader.java:1118)
	at java.base/java.security.SecureClassLoader.defineClass(SecureClassLoader.java:182)
	at java.base/jdk.internal.loader.BuiltinClassLoader.defineClass(BuiltinClassLoader.java:821)
	at java.base/jdk.internal.loader.BuiltinClassLoader.findClassInModuleOrNull(BuiltinClassLoader.java:741)
	at java.base/jdk.internal.loader.BuiltinClassLoader.loadClassOrNull(BuiltinClassLoader.java:665)
	at java.base/jdk.internal.loader.BuiltinClassLoader.loadClassOrNull(BuiltinClassLoader.java:700)
	at java.base/jdk.internal.loader.BuiltinClassLoader.loadClassOrNull(BuiltinClassLoader.java:669)
	at java.base/jdk.internal.loader.BuiltinClassLoader.loadClass(BuiltinClassLoader.java:639)
	at java.base/jdk.internal.loader.ClassLoaders$AppClassLoader.loadClass(ClassLoaders.java:188)
	at java.base/java.lang.ClassLoader.loadClass(ClassLoader.java:526)
	at java.base/java.lang.Class.forName0(Native Method)
	at java.base/java.lang.Class.forName(Class.java:421)
	at java.base/java.lang.Class.forName(Class.java:412)
	at org.junit.jupiter.engine.extension.ScriptExecutionCondition$Evaluator.forName(ScriptExecutionCondition.java:153)
	at org.junit.jupiter.engine.extension.ScriptExecutionCondition$Evaluator.forName(ScriptExecutionCondition.java:133)
	at org.junit.jupiter.engine.extension.ScriptExecutionCondition.<init>(ScriptExecutionCondition.java:55)
	at org.junit.jupiter.engine.extension.ScriptExecutionCondition.<init>(ScriptExecutionCondition.java:50)
	at org.junit.jupiter.engine.extension.ExtensionRegistry.<clinit>(ExtensionRegistry.java:55)
	at org.junit.jupiter.engine.descriptor.JupiterEngineDescriptor.prepare(JupiterEngineDescriptor.java:37)
	at org.junit.jupiter.engine.descriptor.JupiterEngineDescriptor.prepare(JupiterEngineDescriptor.java:28)
	at org.junit.platform.engine.support.hierarchical.NodeTestTask.lambda$prepare$0(NodeTestTask.java:83)
	at org.junit.platform.engine.support.hierarchical.ThrowableCollector.execute(ThrowableCollector.java:72)
	at org.junit.platform.engine.support.hierarchical.NodeTestTask.prepare(NodeTestTask.java:83)
	at org.junit.platform.engine.support.hierarchical.NodeTestTask.execute(NodeTestTask.java:69)
	at org.junit.platform.engine.support.hierarchical.SameThreadHierarchicalTestExecutorService.submit(SameThreadHierarchicalTestExecutorService.java:32)
	at org.junit.platform.engine.support.hierarchical.HierarchicalTestExecutor.execute(HierarchicalTestExecutor.java:57)
	at org.junit.platform.engine.support.hierarchical.HierarchicalTestEngine.execute(HierarchicalTestEngine.java:51)
	at org.junit.platform.launcher.core.DefaultLauncher.execute(DefaultLauncher.java:170)
	at org.junit.platform.launcher.core.DefaultLauncher.execute(DefaultLauncher.java:154)
	at org.junit.platform.launcher.core.DefaultLauncher.execute(DefaultLauncher.java:90)
	at org.junit.platform.surefire.provider.JUnitPlatformProvider.invokeAllTests(JUnitPlatformProvider.java:132)
	at org.junit.platform.surefire.provider.JUnitPlatformProvider.invoke(JUnitPlatformProvider.java:111)
	at org.apache.maven.surefire.booter.ForkedBooter.invokeProviderInSameClassLoader(ForkedBooter.java:379)
	at org.apache.maven.surefire.booter.ForkedBooter.runSuitesInProcess(ForkedBooter.java:340)
	at org.apache.maven.surefire.booter.ForkedBooter.execute(ForkedBooter.java:125)
	at org.apache.maven.surefire.booter.ForkedBooter.main(ForkedBooter.java:413)
Caused by: java.io.IOException: Error while instrumenting javax/script/Bindings.
	at org.jacoco.agent.rt.internal_43f5073.core.instr.Instrumenter.instrumentError(Instrumenter.java:159)
	at org.jacoco.agent.rt.internal_43f5073.core.instr.Instrumenter.instrument(Instrumenter.java:109)
	at org.jacoco.agent.rt.internal_43f5073.CoverageTransformer.transform(CoverageTransformer.java:92)
	... 40 more
Caused by: java.lang.IllegalArgumentException: Unsupported class file major version 65
	at org.jacoco.agent.rt.internal_43f5073.asm.ClassReader.<init>(ClassReader.java:195)
	at org.jacoco.agent.rt.internal_43f5073.asm.ClassReader.<init>(ClassReader.java:176)
	at org.jacoco.agent.rt.internal_43f5073.asm.ClassReader.<init>(ClassReader.java:162)
	at org.jacoco.agent.rt.internal_43f5073.core.internal.instr.InstrSupport.classReaderFor(InstrSupport.java:280)
	at org.jacoco.agent.rt.internal_43f5073.core.instr.Instrumenter.instrument(Instrumenter.java:75)
	at org.jacoco.agent.rt.internal_43f5073.core.instr.Instrumenter.instrument(Instrumenter.java:107)
	... 41 more
java.lang.instrument.IllegalClassFormatException: Error while instrumenting javax/script/ScriptException.
	at org.jacoco.agent.rt.internal_43f5073.CoverageTransformer.transform(CoverageTransformer.java:94)
	at java.instrument/java.lang.instrument.ClassFileTransformer.transform(ClassFileTransformer.java:244)
	at java.instrument/sun.instrument.TransformerManager.transform(TransformerManager.java:188)
	at java.instrument/sun.instrument.InstrumentationImpl.transform(InstrumentationImpl.java:610)
	at java.base/java.lang.ClassLoader.defineClass2(Native Method)
	at java.base/java.lang.ClassLoader.defineClass(ClassLoader.java:1118)
	at java.base/java.security.SecureClassLoader.defineClass(SecureClassLoader.java:182)
	at java.base/jdk.internal.loader.BuiltinClassLoader.defineClass(BuiltinClassLoader.java:821)
	at java.base/jdk.internal.loader.BuiltinClassLoader.findClassInModuleOrNull(BuiltinClassLoader.java:741)
	at java.base/jdk.internal.loader.BuiltinClassLoader.loadClassOrNull(BuiltinClassLoader.java:665)
	at java.base/jdk.internal.loader.BuiltinClassLoader.loadClassOrNull(BuiltinClassLoader.java:700)
	at java.base/jdk.internal.loader.BuiltinClassLoader.loadClassOrNull(BuiltinClassLoader.java:669)
	at java.base/jdk.internal.loader.BuiltinClassLoader.loadClass(BuiltinClassLoader.java:639)
	at java.base/jdk.internal.loader.ClassLoaders$AppClassLoader.loadClass(ClassLoaders.java:188)
	at java.base/java.lang.ClassLoader.loadClass(ClassLoader.java:526)
	at java.base/java.lang.Class.forName0(Native Method)
	at java.base/java.lang.Class.forName(Class.java:421)
	at java.base/java.lang.Class.forName(Class.java:412)
	at org.junit.jupiter.engine.extension.ScriptExecutionCondition$Evaluator.forName(ScriptExecutionCondition.java:153)
	at org.junit.jupiter.engine.extension.ScriptExecutionCondition$Evaluator.forName(ScriptExecutionCondition.java:133)
	at org.junit.jupiter.engine.extension.ScriptExecutionCondition.<init>(ScriptExecutionCondition.java:55)
	at org.junit.jupiter.engine.extension.ScriptExecutionCondition.<init>(ScriptExecutionCondition.java:50)
	at org.junit.jupiter.engine.extension.ExtensionRegistry.<clinit>(ExtensionRegistry.java:55)
	at org.junit.jupiter.engine.descriptor.JupiterEngineDescriptor.prepare(JupiterEngineDescriptor.java:37)
	at org.junit.jupiter.engine.descriptor.JupiterEngineDescriptor.prepare(JupiterEngineDescriptor.java:28)
	at org.junit.platform.engine.support.hierarchical.NodeTestTask.lambda$prepare$0(NodeTestTask.java:83)
	at org.junit.platform.engine.support.hierarchical.ThrowableCollector.execute(ThrowableCollector.java:72)
	at org.junit.platform.engine.support.hierarchical.NodeTestTask.prepare(NodeTestTask.java:83)
	at org.junit.platform.engine.support.hierarchical.NodeTestTask.execute(NodeTestTask.java:69)
	at org.junit.platform.engine.support.hierarchical.SameThreadHierarchicalTestExecutorService.submit(SameThreadHierarchicalTestExecutorService.java:32)
	at org.junit.platform.engine.support.hierarchical.HierarchicalTestExecutor.execute(HierarchicalTestExecutor.java:57)
	at org.junit.platform.engine.support.hierarchical.HierarchicalTestEngine.execute(HierarchicalTestEngine.java:51)
	at org.junit.platform.launcher.core.DefaultLauncher.execute(DefaultLauncher.java:170)
	at org.junit.platform.launcher.core.DefaultLauncher.execute(DefaultLauncher.java:154)
	at org.junit.platform.launcher.core.DefaultLauncher.execute(DefaultLauncher.java:90)
	at org.junit.platform.surefire.provider.JUnitPlatformProvider.invokeAllTests(JUnitPlatformProvider.java:132)
	at org.junit.platform.surefire.provider.JUnitPlatformProvider.invoke(JUnitPlatformProvider.java:111)
	at org.apache.maven.surefire.booter.ForkedBooter.invokeProviderInSameClassLoader(ForkedBooter.java:379)
	at org.apache.maven.surefire.booter.ForkedBooter.runSuitesInProcess(ForkedBooter.java:340)
	at org.apache.maven.surefire.booter.ForkedBooter.execute(ForkedBooter.java:125)
	at org.apache.maven.surefire.booter.ForkedBooter.main(ForkedBooter.java:413)
Caused by: java.io.IOException: Error while instrumenting javax/script/ScriptException.
	at org.jacoco.agent.rt.internal_43f5073.core.instr.Instrumenter.instrumentError(Instrumenter.java:159)
	at org.jacoco.agent.rt.internal_43f5073.core.instr.Instrumenter.instrument(Instrumenter.java:109)
	at org.jacoco.agent.rt.internal_43f5073.CoverageTransformer.transform(CoverageTransformer.java:92)
	... 40 more
Caused by: java.lang.IllegalArgumentException: Unsupported class file major version 65
	at org.jacoco.agent.rt.internal_43f5073.asm.ClassReader.<init>(ClassReader.java:195)
	at org.jacoco.agent.rt.internal_43f5073.asm.ClassReader.<init>(ClassReader.java:176)
	at org.jacoco.agent.rt.internal_43f5073.asm.ClassReader.<init>(ClassReader.java:162)
	at org.jacoco.agent.rt.internal_43f5073.core.internal.instr.InstrSupport.classReaderFor(InstrSupport.java:280)
	at org.jacoco.agent.rt.internal_43f5073.core.instr.Instrumenter.instrument(Instrumenter.java:75)
	at org.jacoco.agent.rt.internal_43f5073.core.instr.Instrumenter.instrument(Instrumenter.java:107)
	... 41 more
java.lang.instrument.IllegalClassFormatException: Error while instrumenting javax/script/ScriptEngineManager.
	at org.jacoco.agent.rt.internal_43f5073.CoverageTransformer.transform(CoverageTransformer.java:94)
	at java.instrument/java.lang.instrument.ClassFileTransformer.transform(ClassFileTransformer.java:244)
	at java.instrument/sun.instrument.TransformerManager.transform(TransformerManager.java:188)
	at java.instrument/sun.instrument.InstrumentationImpl.transform(InstrumentationImpl.java:610)
	at java.base/java.lang.ClassLoader.defineClass2(Native Method)
	at java.base/java.lang.ClassLoader.defineClass(ClassLoader.java:1118)
	at java.base/java.security.SecureClassLoader.defineClass(SecureClassLoader.java:182)
	at java.base/jdk.internal.loader.BuiltinClassLoader.defineClass(BuiltinClassLoader.java:821)
	at java.base/jdk.internal.loader.BuiltinClassLoader.findClassInModuleOrNull(BuiltinClassLoader.java:741)
	at java.base/jdk.internal.loader.BuiltinClassLoader.loadClassOrNull(BuiltinClassLoader.java:665)
	at java.base/jdk.internal.loader.BuiltinClassLoader.loadClassOrNull(BuiltinClassLoader.java:700)
	at java.base/jdk.internal.loader.BuiltinClassLoader.loadClassOrNull(BuiltinClassLoader.java:669)
	at java.base/jdk.internal.loader.BuiltinClassLoader.loadClass(BuiltinClassLoader.java:639)
	at java.base/jdk.internal.loader.ClassLoaders$AppClassLoader.loadClass(ClassLoaders.java:188)
	at java.base/java.lang.ClassLoader.loadClass(ClassLoader.java:526)
	at org.junit.jupiter.engine.script.ScriptExecutionManager.<init>(ScriptExecutionManager.java:37)
	at org.junit.jupiter.engine.extension.ScriptExecutionEvaluator.<init>(ScriptExecutionEvaluator.java:42)
	at java.base/jdk.internal.reflect.DirectConstructorHandleAccessor.newInstance(DirectConstructorHandleAccessor.java:62)
	at java.base/java.lang.reflect.Constructor.newInstanceWithCaller(Constructor.java:502)
	at java.base/java.lang.reflect.Constructor.newInstance(Constructor.java:486)
	at org.junit.jupiter.engine.extension.ScriptExecutionCondition$Evaluator.forName(ScriptExecutionCondition.java:153)
	at org.junit.jupiter.engine.extension.ScriptExecutionCondition$Evaluator.forName(ScriptExecutionCondition.java:133)
	at org.junit.jupiter.engine.extension.ScriptExecutionCondition.<init>(ScriptExecutionCondition.java:55)
	at org.junit.jupiter.engine.extension.ScriptExecutionCondition.<init>(ScriptExecutionCondition.java:50)
	at org.junit.jupiter.engine.extension.ExtensionRegistry.<clinit>(ExtensionRegistry.java:55)
	at org.junit.jupiter.engine.descriptor.JupiterEngineDescriptor.prepare(JupiterEngineDescriptor.java:37)
	at org.junit.jupiter.engine.descriptor.JupiterEngineDescriptor.prepare(JupiterEngineDescriptor.java:28)
	at org.junit.platform.engine.support.hierarchical.NodeTestTask.lambda$prepare$0(NodeTestTask.java:83)
	at org.junit.platform.engine.support.hierarchical.ThrowableCollector.execute(ThrowableCollector.java:72)
	at org.junit.platform.engine.support.hierarchical.NodeTestTask.prepare(NodeTestTask.java:83)
	at org.junit.platform.engine.support.hierarchical.NodeTestTask.execute(NodeTestTask.java:69)
	at org.junit.platform.engine.support.hierarchical.SameThreadHierarchicalTestExecutorService.submit(SameThreadHierarchicalTestExecutorService.java:32)
	at org.junit.platform.engine.support.hierarchical.HierarchicalTestExecutor.execute(HierarchicalTestExecutor.java:57)
	at org.junit.platform.engine.support.hierarchical.HierarchicalTestEngine.execute(HierarchicalTestEngine.java:51)
	at org.junit.platform.launcher.core.DefaultLauncher.execute(DefaultLauncher.java:170)
	at org.junit.platform.launcher.core.DefaultLauncher.execute(DefaultLauncher.java:154)
	at org.junit.platform.launcher.core.DefaultLauncher.execute(DefaultLauncher.java:90)
	at org.junit.platform.surefire.provider.JUnitPlatformProvider.invokeAllTests(JUnitPlatformProvider.java:132)
	at org.junit.platform.surefire.provider.JUnitPlatformProvider.invoke(JUnitPlatformProvider.java:111)
	at org.apache.maven.surefire.booter.ForkedBooter.invokeProviderInSameClassLoader(ForkedBooter.java:379)
	at org.apache.maven.surefire.booter.ForkedBooter.runSuitesInProcess(ForkedBooter.java:340)
	at org.apache.maven.surefire.booter.ForkedBooter.execute(ForkedBooter.java:125)
	at org.apache.maven.surefire.booter.ForkedBooter.main(ForkedBooter.java:413)
Caused by: java.io.IOException: Error while instrumenting javax/script/ScriptEngineManager.
	at org.jacoco.agent.rt.internal_43f5073.core.instr.Instrumenter.instrumentError(Instrumenter.java:159)
	at org.jacoco.agent.rt.internal_43f5073.core.instr.Instrumenter.instrument(Instrumenter.java:109)
	at org.jacoco.agent.rt.internal_43f5073.CoverageTransformer.transform(CoverageTransformer.java:92)
	... 42 more
Caused by: java.lang.IllegalArgumentException: Unsupported class file major version 65
	at org.jacoco.agent.rt.internal_43f5073.asm.ClassReader.<init>(ClassReader.java:195)
	at org.jacoco.agent.rt.internal_43f5073.asm.ClassReader.<init>(ClassReader.java:176)
	at org.jacoco.agent.rt.internal_43f5073.asm.ClassReader.<init>(ClassReader.java:162)
	at org.jacoco.agent.rt.internal_43f5073.core.internal.instr.InstrSupport.classReaderFor(InstrSupport.java:280)
	at org.jacoco.agent.rt.internal_43f5073.core.instr.Instrumenter.instrument(Instrumenter.java:75)
	at org.jacoco.agent.rt.internal_43f5073.core.instr.Instrumenter.instrument(Instrumenter.java:107)
	... 43 more
java.lang.instrument.IllegalClassFormatException: Error while instrumenting javax/script/ScriptEngineFactory.
	at org.jacoco.agent.rt.internal_43f5073.CoverageTransformer.transform(CoverageTransformer.java:94)
	at java.instrument/java.lang.instrument.ClassFileTransformer.transform(ClassFileTransformer.java:244)
	at java.instrument/sun.instrument.TransformerManager.transform(TransformerManager.java:188)
	at java.instrument/sun.instrument.InstrumentationImpl.transform(InstrumentationImpl.java:610)
	at java.base/java.lang.ClassLoader.defineClass2(Native Method)
	at java.base/java.lang.ClassLoader.defineClass(ClassLoader.java:1118)
	at java.base/java.security.SecureClassLoader.defineClass(SecureClassLoader.java:182)
	at java.base/jdk.internal.loader.BuiltinClassLoader.defineClass(BuiltinClassLoader.java:821)
	at java.base/jdk.internal.loader.BuiltinClassLoader.findClassInModuleOrNull(BuiltinClassLoader.java:741)
	at java.base/jdk.internal.loader.BuiltinClassLoader.loadClassOrNull(BuiltinClassLoader.java:665)
	at java.base/jdk.internal.loader.BuiltinClassLoader.loadClass(BuiltinClassLoader.java:639)
	at java.base/java.lang.ClassLoader.loadClass(ClassLoader.java:526)
	at java.scripting/javax.script.ScriptEngineManager.<clinit>(ScriptEngineManager.java:315)
	at org.junit.jupiter.engine.script.ScriptExecutionManager.<init>(ScriptExecutionManager.java:37)
	at org.junit.jupiter.engine.extension.ScriptExecutionEvaluator.<init>(ScriptExecutionEvaluator.java:42)
	at java.base/jdk.internal.reflect.DirectConstructorHandleAccessor.newInstance(DirectConstructorHandleAccessor.java:62)
	at java.base/java.lang.reflect.Constructor.newInstanceWithCaller(Constructor.java:502)
	at java.base/java.lang.reflect.Constructor.newInstance(Constructor.java:486)
	at org.junit.jupiter.engine.extension.ScriptExecutionCondition$Evaluator.forName(ScriptExecutionCondition.java:153)
	at org.junit.jupiter.engine.extension.ScriptExecutionCondition$Evaluator.forName(ScriptExecutionCondition.java:133)
	at org.junit.jupiter.engine.extension.ScriptExecutionCondition.<init>(ScriptExecutionCondition.java:55)
	at org.junit.jupiter.engine.extension.ScriptExecutionCondition.<init>(ScriptExecutionCondition.java:50)
	at org.junit.jupiter.engine.extension.ExtensionRegistry.<clinit>(ExtensionRegistry.java:55)
	at org.junit.jupiter.engine.descriptor.JupiterEngineDescriptor.prepare(JupiterEngineDescriptor.java:37)
	at org.junit.jupiter.engine.descriptor.JupiterEngineDescriptor.prepare(JupiterEngineDescriptor.java:28)
	at org.junit.platform.engine.support.hierarchical.NodeTestTask.lambda$prepare$0(NodeTestTask.java:83)
	at org.junit.platform.engine.support.hierarchical.ThrowableCollector.execute(ThrowableCollector.java:72)
	at org.junit.platform.engine.support.hierarchical.NodeTestTask.prepare(NodeTestTask.java:83)
	at org.junit.platform.engine.support.hierarchical.NodeTestTask.execute(NodeTestTask.java:69)
	at org.junit.platform.engine.support.hierarchical.SameThreadHierarchicalTestExecutorService.submit(SameThreadHierarchicalTestExecutorService.java:32)
	at org.junit.platform.engine.support.hierarchical.HierarchicalTestExecutor.execute(HierarchicalTestExecutor.java:57)
	at org.junit.platform.engine.support.hierarchical.HierarchicalTestEngine.execute(HierarchicalTestEngine.java:51)
	at org.junit.platform.launcher.core.DefaultLauncher.execute(DefaultLauncher.java:170)
	at org.junit.platform.launcher.core.DefaultLauncher.execute(DefaultLauncher.java:154)
	at org.junit.platform.launcher.core.DefaultLauncher.execute(DefaultLauncher.java:90)
	at org.junit.platform.surefire.provider.JUnitPlatformProvider.invokeAllTests(JUnitPlatformProvider.java:132)
	at org.junit.platform.surefire.provider.JUnitPlatformProvider.invoke(JUnitPlatformProvider.java:111)
	at org.apache.maven.surefire.booter.ForkedBooter.invokeProviderInSameClassLoader(ForkedBooter.java:379)
	at org.apache.maven.surefire.booter.ForkedBooter.runSuitesInProcess(ForkedBooter.java:340)
	at org.apache.maven.surefire.booter.ForkedBooter.execute(ForkedBooter.java:125)
	at org.apache.maven.surefire.booter.ForkedBooter.main(ForkedBooter.java:413)
Caused by: java.io.IOException: Error while instrumenting javax/script/ScriptEngineFactory.
	at org.jacoco.agent.rt.internal_43f5073.core.instr.Instrumenter.instrumentError(Instrumenter.java:159)
	at org.jacoco.agent.rt.internal_43f5073.core.instr.Instrumenter.instrument(Instrumenter.java:109)
	at org.jacoco.agent.rt.internal_43f5073.CoverageTransformer.transform(CoverageTransformer.java:92)
	... 40 more
Caused by: java.lang.IllegalArgumentException: Unsupported class file major version 65
	at org.jacoco.agent.rt.internal_43f5073.asm.ClassReader.<init>(ClassReader.java:195)
	at org.jacoco.agent.rt.internal_43f5073.asm.ClassReader.<init>(ClassReader.java:176)
	at org.jacoco.agent.rt.internal_43f5073.asm.ClassReader.<init>(ClassReader.java:162)
	at org.jacoco.agent.rt.internal_43f5073.core.internal.instr.InstrSupport.classReaderFor(InstrSupport.java:280)
	at org.jacoco.agent.rt.internal_43f5073.core.instr.Instrumenter.instrument(Instrumenter.java:75)
	at org.jacoco.agent.rt.internal_43f5073.core.instr.Instrumenter.instrument(Instrumenter.java:107)
	... 41 more
java.lang.instrument.IllegalClassFormatException: Error while instrumenting javax/script/SimpleBindings.
	at org.jacoco.agent.rt.internal_43f5073.CoverageTransformer.transform(CoverageTransformer.java:94)
	at java.instrument/java.lang.instrument.ClassFileTransformer.transform(ClassFileTransformer.java:244)
	at java.instrument/sun.instrument.TransformerManager.transform(TransformerManager.java:188)
	at java.instrument/sun.instrument.InstrumentationImpl.transform(InstrumentationImpl.java:610)
	at java.base/java.lang.ClassLoader.defineClass2(Native Method)
	at java.base/java.lang.ClassLoader.defineClass(ClassLoader.java:1118)
	at java.base/java.security.SecureClassLoader.defineClass(SecureClassLoader.java:182)
	at java.base/jdk.internal.loader.BuiltinClassLoader.defineClass(BuiltinClassLoader.java:821)
	at java.base/jdk.internal.loader.BuiltinClassLoader.findClassInModuleOrNull(BuiltinClassLoader.java:741)
	at java.base/jdk.internal.loader.BuiltinClassLoader.loadClassOrNull(BuiltinClassLoader.java:665)
	at java.base/jdk.internal.loader.BuiltinClassLoader.loadClass(BuiltinClassLoader.java:639)
	at java.base/java.lang.ClassLoader.loadClass(ClassLoader.java:526)
	at java.scripting/javax.script.ScriptEngineManager.<init>(ScriptEngineManager.java:333)
	at java.scripting/javax.script.ScriptEngineManager.<init>(ScriptEngineManager.java:63)
	at org.junit.jupiter.engine.script.ScriptExecutionManager.<init>(ScriptExecutionManager.java:37)
	at org.junit.jupiter.engine.extension.ScriptExecutionEvaluator.<init>(ScriptExecutionEvaluator.java:42)
	at java.base/jdk.internal.reflect.DirectConstructorHandleAccessor.newInstance(DirectConstructorHandleAccessor.java:62)
	at java.base/java.lang.reflect.Constructor.newInstanceWithCaller(Constructor.java:502)
	at java.base/java.lang.reflect.Constructor.newInstance(Constructor.java:486)
	at org.junit.jupiter.engine.extension.ScriptExecutionCondition$Evaluator.forName(ScriptExecutionCondition.java:153)
	at org.junit.jupiter.engine.extension.ScriptExecutionCondition$Evaluator.forName(ScriptExecutionCondition.java:133)
	at org.junit.jupiter.engine.extension.ScriptExecutionCondition.<init>(ScriptExecutionCondition.java:55)
	at org.junit.jupiter.engine.extension.ScriptExecutionCondition.<init>(ScriptExecutionCondition.java:50)
	at org.junit.jupiter.engine.extension.ExtensionRegistry.<clinit>(ExtensionRegistry.java:55)
	at org.junit.jupiter.engine.descriptor.JupiterEngineDescriptor.prepare(JupiterEngineDescriptor.java:37)
	at org.junit.jupiter.engine.descriptor.JupiterEngineDescriptor.prepare(JupiterEngineDescriptor.java:28)
	at org.junit.platform.engine.support.hierarchical.NodeTestTask.lambda$prepare$0(NodeTestTask.java:83)
	at org.junit.platform.engine.support.hierarchical.ThrowableCollector.execute(ThrowableCollector.java:72)
	at org.junit.platform.engine.support.hierarchical.NodeTestTask.prepare(NodeTestTask.java:83)
	at org.junit.platform.engine.support.hierarchical.NodeTestTask.execute(NodeTestTask.java:69)
	at org.junit.platform.engine.support.hierarchical.SameThreadHierarchicalTestExecutorService.submit(SameThreadHierarchicalTestExecutorService.java:32)
	at org.junit.platform.engine.support.hierarchical.HierarchicalTestExecutor.execute(HierarchicalTestExecutor.java:57)
	at org.junit.platform.engine.support.hierarchical.HierarchicalTestEngine.execute(HierarchicalTestEngine.java:51)
	at org.junit.platform.launcher.core.DefaultLauncher.execute(DefaultLauncher.java:170)
	at org.junit.platform.launcher.core.DefaultLauncher.execute(DefaultLauncher.java:154)
	at org.junit.platform.launcher.core.DefaultLauncher.execute(DefaultLauncher.java:90)
	at org.junit.platform.surefire.provider.JUnitPlatformProvider.invokeAllTests(JUnitPlatformProvider.java:132)
	at org.junit.platform.surefire.provider.JUnitPlatformProvider.invoke(JUnitPlatformProvider.java:111)
	at org.apache.maven.surefire.booter.ForkedBooter.invokeProviderInSameClassLoader(ForkedBooter.java:379)
	at org.apache.maven.surefire.booter.ForkedBooter.runSuitesInProcess(ForkedBooter.java:340)
	at org.apache.maven.surefire.booter.ForkedBooter.execute(ForkedBooter.java:125)
	at org.apache.maven.surefire.booter.ForkedBooter.main(ForkedBooter.java:413)
Caused by: java.io.IOException: Error while instrumenting javax/script/SimpleBindings.
	at org.jacoco.agent.rt.internal_43f5073.core.instr.Instrumenter.instrumentError(Instrumenter.java:159)
	at org.jacoco.agent.rt.internal_43f5073.core.instr.Instrumenter.instrument(Instrumenter.java:109)
	at org.jacoco.agent.rt.internal_43f5073.CoverageTransformer.transform(CoverageTransformer.java:92)
	... 41 more
Caused by: java.lang.IllegalArgumentException: Unsupported class file major version 65
	at org.jacoco.agent.rt.internal_43f5073.asm.ClassReader.<init>(ClassReader.java:195)
	at org.jacoco.agent.rt.internal_43f5073.asm.ClassReader.<init>(ClassReader.java:176)
	at org.jacoco.agent.rt.internal_43f5073.asm.ClassReader.<init>(ClassReader.java:162)
	at org.jacoco.agent.rt.internal_43f5073.core.internal.instr.InstrSupport.classReaderFor(InstrSupport.java:280)
	at org.jacoco.agent.rt.internal_43f5073.core.instr.Instrumenter.instrument(Instrumenter.java:75)
	at org.jacoco.agent.rt.internal_43f5073.core.instr.Instrumenter.instrument(Instrumenter.java:107)
	... 42 more
]]></system-err>
  </testcase>
  <testcase name="calculateFareCarWith30ParkingTime" classname="com.parkit.parkingsystem.FareCalculatorServiceTest" time="0">
    <failure message="expected: &lt;0.0&gt; but was: &lt;1.5&gt;" type="org.opentest4j.AssertionFailedError"><![CDATA[org.opentest4j.AssertionFailedError: expected: <0.0> but was: <1.5>
	at com.parkit.parkingsystem.FareCalculatorServiceTest.calculateFareCarWith30ParkingTime(FareCalculatorServiceTest.java:140)
]]></failure>
  </testcase>
  <testcase name="calculateFareUnkownType" classname="com.parkit.parkingsystem.FareCalculatorServiceTest" time="0"/>
  <testcase name="calculateFareCar" classname="com.parkit.parkingsystem.FareCalculatorServiceTest" time="0"/>
  <testcase name="calculateFareBike" classname="com.parkit.parkingsystem.FareCalculatorServiceTest" time="0"/>
  <testcase name="calculateFareCarWithMoreThanADayParkingTime" classname="com.parkit.parkingsystem.FareCalculatorServiceTest" time="0"/>
  <testcase name="calculateFareBikeWithLessThanOneHourParkingTime" classname="com.parkit.parkingsystem.FareCalculatorServiceTest" time="0">
    <failure message="expected: &lt;0.75&gt; but was: &lt;1.0&gt;" type="org.opentest4j.AssertionFailedError"><![CDATA[org.opentest4j.AssertionFailedError: expected: <0.75> but was: <1.0>
	at com.parkit.parkingsystem.FareCalculatorServiceTest.calculateFareBikeWithLessThanOneHourParkingTime(FareCalculatorServiceTest.java:96)
]]></failure>
  </testcase>
  <testcase name="calculateFareBikeWith30ParkingTime" classname="com.parkit.parkingsystem.FareCalculatorServiceTest" time="0.001">
    <failure message="expected: &lt;0.0&gt; but was: &lt;1.0&gt;" type="org.opentest4j.AssertionFailedError"><![CDATA[org.opentest4j.AssertionFailedError: expected: <0.0> but was: <1.0>
	at com.parkit.parkingsystem.FareCalculatorServiceTest.calculateFareBikeWith30ParkingTime(FareCalculatorServiceTest.java:125)
]]></failure>
  </testcase>
  <testcase name="calculateFareBikeWithFutureInTime" classname="com.parkit.parkingsystem.FareCalculatorServiceTest" time="0.016"/>
</testsuite>