<?xml version="1.0" encoding="UTF-8"?>
<testsuite xmlns:xsi="http://www.w3.org/2001/XMLSchema-instance" xsi:noNamespaceSchemaLocation="https://maven.apache.org/surefire/maven-surefire-plugin/xsd/surefire-test-report.xsd" name="com.parkit.parkingsystem.TicketDAOTest" time="0.886" tests="3" errors="0" skipped="0" failures="0">
  <properties>
[...]
</properties>
  <testcase name="getNbTicketTest" classname="com.parkit.parkingsystem.TicketDAOTest" time="0.57"/>
  <testcase name="saveTicketTest" classname="com.parkit.parkingsystem.TicketDAOTest" time="0.029"/>
  <testcase name="updateTicketTest" classname="com.parkit.parkingsystem.TicketDAOTest" time="0.023"/>
</testsuite>