<?xml version="1.0" encoding="UTF-8"?>
<testsuite xmlns:xsi="http://www.w3.org/2001/XMLSchema-instance" xsi:noNamespaceSchemaLocation="https://maven.apache.org/surefire/maven-surefire-plugin/xsd/surefire-test-report.xsd" name="com.parkit.parkingsystem.FareCalculatorServiceTest" time="0.038" tests="9" errors="0" skipped="0" failures="4">
  <properties>
[...]
</properties>
  <testcase name="calculateFareCarWithLessThanOneHourParkingTime" classname="com.parkit.parkingsystem.FareCalculatorServiceTest" time="0.016">
    <failure message="expected: &lt;1.125&gt; but was: &lt;1.5&gt;" type="org.opentest4j.AssertionFailedError"><![CDATA[org.opentest4j.AssertionFailedError: expected: <1.125> but was: <1.5>
	at com.parkit.parkingsystem.FareCalculatorServiceTest.calculateFareCarWithLessThanOneHourParkingTime(FareCalculatorServiceTest.java:110)
]]></failure>
    <system-err><![CDATA[java.lang.instrument.IllegalClassFormatException: Error while instrumenting javax/script/ScriptEngine.
	at org.jacoco.agent.rt.internal_43f5073.CoverageTransformer.transform(CoverageTransformer.java:94)
	at java.instrument/java.lang.instrument.ClassFileTransformer.transform(ClassFileTransformer.java:244)
	at java.instrument/sun.instrument.TransformerManager.transform(TransformerManager.java:188)
	at java.instrument/sun.instrument.InstrumentationImpl.transform(InstrumentationImpl.java:610)
	at java.base/java.lang.ClassLoader.defineClass2(Native Method)
	at java.base/java.lang.ClassLoader.defineClass(ClassLoader.java:1118)
	at java.base/java.security.SecureClassLoader.defineClass(SecureClassLoader.java:182)
	at java.base/jdk.internal.loader.BuiltinClassLoader.defineClass(BuiltinClassLoader.java:821)
	at java.base/jdk.internal.loader.BuiltinClassLoader.findClassInModuleOrNull(BuiltinClassLoader.java:741)
	at java.base/jdk.internal.loader.BuiltinClassLoader.loadClassOrNull(BuiltinClassLoader.java:665)
	at java.base/jdk.internal.loader.BuiltinClassLoader.loadClassOrNull(BuiltinClassLoader.java:700)
	at java.base/jdk.internal.loader.BuiltinClassLoader.loadClassOrNull(BuiltinClassLoader.java:669)
	at java.base/jdk.internal.loader.BuiltinClassLoader.loadClass(BuiltinClassLoader.java:639)
	at java.base/jdk.internal.loader.ClassLoaders$AppClassLoader.loadClass(ClassLoaders.java:188)
	at java.base/java.lang.ClassLoader.loadClass(ClassLoader.java:526)
	at java.base/java.lang.Class.forName0(Native Method)
	at java.base/java.lang.Class.forName(Class.java:421)
	at java.base/java.lang.Class.forName(Class.java:412)
	at org.junit.jupiter.engine.extension.ScriptExecutionCondition$Evaluator.forName(ScriptExecutionCondition.java:139)
	at org.junit.jupiter.engine.extension.ScriptExecutionCondition$Evaluator.forName(ScriptExecutionCondition.java:133)
	at org.junit.jupiter.engine.extension.ScriptExecutionCondition.<init>(ScriptExecutionCondition.java:55)
	at org.junit.jupiter.engine.extension.ScriptExecutionCondition.<init>(ScriptExecutionCondition.java:50)
	at org.junit.jupiter.engine.extension.ExtensionRegistry.<clinit>(ExtensionRegistry.java:55)
	at org.junit.jupiter.engine.descriptor.JupiterEngineDescriptor.prepare(JupiterEngineDescriptor.java:37)
	at org.junit.jupiter.engine.descriptor.JupiterEngineDescriptor.prepare(JupiterEngineDescriptor.java:28)
	at org.junit.platform.engine.support.hierarchical.NodeTestTask.lambda$prepare$0(NodeTestTask.java:83)
	at org.junit.platform.engine.support.hierarchical.ThrowableCollector.execute(ThrowableCollector.java:72)
	at org.junit.platform.engine.support.hierarchical.NodeTestTask.prepare(NodeTestTask.java:83)
	at org.junit.platform.engine.support.hierarchical.NodeTestTask.execute(NodeTestTask.java:69)
	at org.junit.platform.engine.support.hierarchical.SameThreadHierarchicalTestExecutorService.submit(SameThreadHierarchicalTestExecutorService.java:32)
	at org.junit.platform.engine.support.hierarchical.HierarchicalTestExecutor.execute(HierarchicalTestExecutor.java:57)
	at org.junit.platform.engine.support.hierarchical.HierarchicalTestEngine.execute(HierarchicalTestEngine.java:51)
	at org.junit.platform.launcher.core.DefaultLauncher.execute(DefaultLauncher.java:170)
	at org.junit.platform.launcher.core.DefaultLauncher.execute(DefaultLauncher.java:154)
	at org.junit.platform.launcher.core.DefaultLauncher.execute(DefaultLauncher.java:90)
	at org.junit.platform.surefire.provider.JUnitPlatformProvider.invokeAllTests(JUnitPlatformProvider.java:132)
	at org.junit.platform.surefire.provider.JUnitPlatformProvider.invoke(JUnitPlatformProvider.java:111)
	at org.apache.maven.surefire.booter.ForkedBooter.invokeProviderInSameClassLoader(ForkedBooter.java:379)
	at org.apache.maven.surefire.booter.ForkedBooter.runSuitesInProcess(ForkedBooter.java:340)
	at org.apache.maven.surefire.booter.ForkedBooter.execute(ForkedBooter.java:125)
	at org.apache.maven.surefire.booter.ForkedBooter.main(ForkedBooter.java:413)
Caused by: java.io.IOException: Error while instrumenting javax/script/ScriptEngine.
	at org.jacoco.agent.rt.internal_43f5073.core.instr.Instrumenter.instrumentError(Instrumenter.java:159)
	at org.jacoco.agent.rt.internal_43f5073.core.instr.Instrumenter.instrument(Instrumenter.java:109)
	at org.jacoco.agent.rt.internal_43f5073.CoverageTransformer.transform(CoverageTransformer.java:92)
	... 40 more
Caused by: java.lang.IllegalArgumentException: Unsupported class file major version 65
	at org.jacoco.agent.rt.internal_43f5073.asm.ClassReader.<init>(ClassReader.java:195)
	at org.jacoco.agent.rt.internal_43f5073.asm.ClassReader.<init>(ClassReader.java:176)
	at org.jacoco.agent.rt.internal_43f5073.asm.ClassReader.<init>(ClassReader.java:162)
	at org.jacoco.agent.rt.internal_43f5073.core.internal.instr.InstrSupport.classReaderFor(InstrSupport.java:280)
	at org.jacoco.agent.rt.internal_43f5073.core.instr.Instrumenter.instrument(Instrumenter.java:75)
	at org.jacoco.agent.rt.internal_43f5073.core.instr.Instrumenter.instrument(Instrumenter.java:107)
	... 41 more
java.lang.instrument.IllegalClassFormatException: Error while instrumenting javax/script/Bindings.
	at org.jacoco.agent.rt.internal_43f5073.CoverageTransformer.transform(CoverageTransformer.java:94)
	at java.instrument/java.lang.instrument.ClassFileTransformer.transform(ClassFileTransformer.java:244)
	at java.instrument/sun.instrument.TransformerManager.transform(TransformerManager.java:188)
	at java.instrument/sun.instrument.InstrumentationImpl.transform(InstrumentationImpl.java:610)
	at java.base/java.lang.ClassLoader.defineClass2(Native Method)
	at java.base/java.lang.ClassLoader.defineClass(ClassLoader.java:1118)
	at java.base/java.security.SecureClassLoader.defineClass(SecureClassLoader.java:182)
	at java.base/jdk.internal.loader.BuiltinClassLoader.defineClass(BuiltinClassLoader.java:821)
	at java.base/jdk.internal.loader.BuiltinClassLoader.findClassInModuleOrNull(BuiltinClassLoader.java:741)
	at java.base/jdk.internal.loader.BuiltinClassLoader.loadClassOrNull(BuiltinClassLoader.java:665)
	at java.base/jdk.internal.loader.BuiltinClassLoader.loadClassOrNull(BuiltinClassLoader.java:700)
	at java.base/jdk.internal.loader.BuiltinClassLoader.loadClassOrNull(BuiltinClassLoader.java:669)
	at java.base/jdk.internal.loader.BuiltinClassLoader.loadClass(BuiltinClassLoader.java:639)
	at java.base/jdk.internal.loader.ClassLoaders$AppClassLoader.loadClass(ClassLoaders.java:188)
	at java.base/java.lang.ClassLoader.loadClass(ClassLoader.java:526)
	at java.base/java.lang.Class.forName0(Native Method)
	at java.base/java.lang.Class.forName(Class.java:421)
	at java.base/java.lang.Class.forName(Class.java:412)
	at org.junit.jupiter.engine.extension.ScriptExecutionCondition$Evaluator.forName(ScriptExecutionCondition.java:153)
	at org.junit.jupiter.engine.extension.ScriptExecutionCondition$Evaluator.forName(ScriptExecutionCondition.java:133)
	at org.junit.jupiter.engine.extension.ScriptExecutionCondition.<init>(ScriptExecutionCondition.java:55)
	at org.junit.jupiter.engine.extension.ScriptExecutionCondition.<init>(ScriptExecutionCondition.java:50)
	at org.junit.jupiter.engine.extension.ExtensionRegistry.<clinit>(ExtensionRegistry.java:55)
	at org.junit.jupiter.engine.descriptor.JupiterEngineDescriptor.prepare(JupiterEngineDescriptor.java:37)
	at org.junit.jupiter.engine.descriptor.JupiterEngineDescriptor.prepare(JupiterEngineDescriptor.java:28)
	at org.junit.platform.engine.support.hierarchical.NodeTestTask.lambda$prepare$0(NodeTestTask.java:83)
	at org.junit.platform.engine.support.hierarchical.ThrowableCollector.execute(ThrowableCollector.java:72)
	at org.junit.platform.engine.support.hierarchical.NodeTestTask.prepare(NodeTestTask.java:83)
	at org.junit.platform.engine.support.hierarchical.NodeTestTask.execute(NodeTestTask.java:69)
	at org.junit.platform.engine.support.hierarchical.SameThreadHierarchicalTestExecutorService.submit(SameThreadHierarchicalTestExecutorService.java:32)
	at org.junit.platform.engine.support.hierarchical.HierarchicalTestExecutor.execute(HierarchicalTestExecutor.java:57)
	at org.junit.platform.engine.support.hierarchical.HierarchicalTestEngine.execute(HierarchicalTestEngine.java:51)
	at org.junit.platform.launcher.core.DefaultLauncher.execute(DefaultLauncher.java:170)
	at org.junit.platform.launcher.core.DefaultLauncher.execute(DefaultLauncher.java:154)
	at org.junit.platform.launcher.core.DefaultLauncher.execute(DefaultLauncher.java:90)
	at org.junit.platform.surefire.provider.JUnitPlatformProvider.invokeAllTests(JUnitPlatformProvider.java:132)
	at org.junit.platform.surefire.provider.JUnitPlatformProvider.invoke(JUnitPlatformProvider.java:111)
	at org.apache.maven.surefire.booter.ForkedBooter.invokeProviderInSameClassLoader(ForkedBooter.java:379)
	at org.apache.maven.surefire.booter.ForkedBooter.runSuitesInProcess(ForkedBooter.java:340)
	at org.apache.maven.surefire.booter.ForkedBooter.execute(ForkedBooter.java:125)
	at org.apache.maven.surefire.booter.ForkedBooter.main(ForkedBooter.java:413)
Caused by: java.io.IOException: Error while instrumenting javax/script/Bindings.
	at org.jacoco.agent.rt.internal_43f5073.core.instr.Instrumenter.instrumentError(Instrumenter.java:159)
	at org.jacoco.agent.rt.internal_43f5073.core.instr.Instrumenter.instrument(Instrumenter.java:109)
	at org.jacoco.agent.rt.internal_43f5073.CoverageTransformer.transform(CoverageTransformer.java:92)
	... 40 more
Caused by: java.lang.IllegalArgumentException: Unsupported class file major version 65
	at org.jacoco.agent.rt.internal_43f5073.asm.ClassReader.<init>(ClassReader.java:195)
	at org.jacoco.agent.rt.internal_43f5073.asm.ClassReader.<init>(ClassReader.java:176)
	at org.jacoco.agent.rt.internal_43f5073.asm.ClassReader.<init>(ClassReader.java:162)
	at org.jacoco.agent.rt.internal_43f5073.core.internal.instr.InstrSupport.classReaderFor(InstrSupport.java:280)
	at org.jacoco.agent.rt.internal_43f5073.core.instr.Instrumenter.instrument(Instrumenter.java:75)
	at org.jacoco.agent.rt.internal_43f5073.core.instr.Instrumenter.instrument(Instrumenter.java:107)
	... 41 more
java.lang.instrument.IllegalClassFormatException: Error while instrumenting javax/script/ScriptException.
	at org.jacoco.agent.rt.internal_43f5073.CoverageTransformer.transform(CoverageTransformer.java:94)
	at java.instrument/java.lang.instrument.ClassFileTransformer.transform(ClassFileTransformer.java:244)
	at java.instrument/sun.instrument.TransformerManager.transform(TransformerManager.java:188)
	at java.instrument/sun.instrument.InstrumentationImpl.transform(InstrumentationImpl.java:610)
	at java.base/java.lang.ClassLoader.defineClass2(Native Method)
	at java.base/java.lang.ClassLoader.defineClass(ClassLoader.java:1118)
	at java.base/java.security.SecureClassLoader.defineClass(SecureClassLoader.java:182)
	at java.base/jdk.internal.loader.BuiltinClassLoader.defineClass(BuiltinClassLoader.java:821)
	at java.base/jdk.internal.loader.BuiltinClassLoader.findClassInModuleOrNull(BuiltinClassLoader.java:741)
	at java.base/jdk.internal.loader.BuiltinClassLoader.loadClassOrNull(BuiltinClassLoader.java:665)
	at java.base/jdk.internal.loader.BuiltinClassLoader.loadClassOrNull(BuiltinClassLoader.java:700)
	at java.base/jdk.internal.loader.BuiltinClassLoader.loadClassOrNull(BuiltinClassLoader.java:669)
	at java.base/jdk.internal.loader.BuiltinClassLoader.loadClass(BuiltinClassLoader.java:639)
	at java.base/jdk.internal.loader.ClassLoaders$AppClassLoader.loadClass(ClassLoaders.java:188)
	at java.base/java.lang.ClassLoader.loadClass(ClassLoader.java:526)
	at java.base/java.lang.Class.forName0(Native Method)
	at java.base/java.lang.Class.forName(Class.java:421)
	at java.base/java.lang.Class.forName(Class.java:412)
	at org.junit.jupiter.engine.extension.ScriptExecutionCondition$Evaluator.forName(ScriptExecutionCondition.java:153)
	at org.junit.jupiter.engine.extension.ScriptExecutionCondition$Evaluator.forName(ScriptExecutionCondition.java:133)
	at org.junit.jupiter.engine.extension.ScriptExecutionCondition.<init>(ScriptExecutionCondition.java:55)
	at org.junit.jupiter.engine.extension.ScriptExecutionCondition.<init>(ScriptExecutionCondition.java:50)
	at org.junit.jupiter.engine.extension.ExtensionRegistry.<clinit>(ExtensionRegistry.java:55)
	at org.junit.jupiter.engine.descriptor.JupiterEngineDescriptor.prepare(JupiterEngineDescriptor.java:37)
	at org.junit.jupiter.engine.descriptor.JupiterEngineDescriptor.prepare(JupiterEngineDescriptor.java:28)
	at org.junit.platform.engine.support.hierarchical.NodeTestTask.lambda$prepare$0(NodeTestTask.java:83)
	at org.junit.platform.engine.support.hierarchical.ThrowableCollector.execute(ThrowableCollector.java:72)
	at org.junit.platform.engine.support.hierarchical.NodeTestTask.prepare(NodeTestTask.java:83)
	at org.junit.platform.engine.support.hierarchical.NodeTestTask.execute(NodeTestTask.java:69)
	at org.junit.platform.engine.support.hierarchical.SameThreadHierarchicalTestExecutorService.submit(SameThreadHierarchicalTestExecutorService.java:32)
	at org.junit.platform.engine.support.hierarchical.HierarchicalTestExecutor.execute(HierarchicalTestExecutor.java:57)
	at org.junit.platform.engine.support.hierarchical.HierarchicalTestEngine.execute(HierarchicalTestEngine.java:51)
	at org.junit.platform.launcher.core.DefaultLauncher.execute(DefaultLauncher.java:170)
	at org.junit.platform.launcher.core.DefaultLauncher.execute(DefaultLauncher.java:154)
	at org.junit.platform.launcher.core.DefaultLauncher.execute(DefaultLauncher.java:90)
	at org.junit.platform.surefire.provider.JUnitPlatformProvider.invokeAllTests(JUnitPlatformProvider.java:132)
	at org.junit.platform.surefire.provider.JUnitPlatformProvider.invoke(JUnitPlatformProvider.java:111)
	at org.apache.maven.surefire.booter.ForkedBooter.invokeProviderInSameClassLoader(ForkedBooter.java:379)
	at org.apache.maven.surefire.booter.ForkedBooter.runSuitesInProcess(ForkedBooter.java:340)
	at org.apache.maven.surefire.booter.ForkedBooter.execute(ForkedBooter.java:125)
	at org.apache.maven.surefire.booter.ForkedBooter.main(ForkedBooter.java:413)
Caused by: java.io.IOException: Error while instrumenting javax/script/ScriptException.
	at org.jacoco.agent.rt.internal_43f5073.core.instr.Instrumenter.instrumentError(Instrumenter.java:159)
	at org.jacoco.agent.rt.internal_43f5073.core.instr.Instrumenter.instrument(Instrumenter.java:109)
	at org.jacoco.agent.rt.internal_43f5073.CoverageTransformer.transform(CoverageTransformer.java:92)
	... 40 more
Caused by: java.lang.IllegalArgumentException: Unsupported class file major version 65
	at org.jacoco.agent.rt.internal_43f5073.asm.ClassReader.<init>(ClassReader.java:195)
	at org.jacoco.agent.rt.internal_43f5073.asm.ClassReader.<init>(ClassReader.java:176)
	at org.jacoco.agent.rt.internal_43f5073.asm.ClassReader.<init>(ClassReader.java:162)
	at org.jacoco.agent.rt.internal_43f5073.core.internal.instr.InstrSupport.classReaderFor(InstrSupport.java:280)
	at org.jacoco.agent.rt.internal_43f5073.core.instr.Instrumenter.instrument(Instrumenter.java:75)
	at org.jacoco.agent.rt.internal_43f5073.core.instr.Instrumenter.instrument(Instrumenter.java:107)
	... 41 more
java.lang.instrument.IllegalClassFormatException: Error while instrumenting javax/script/ScriptEngineManager.
	at org.jacoco.agent.rt.internal_43f5073.CoverageTransformer.transform(CoverageTransformer.java:94)
	at java.instrument/java.lang.instrument.ClassFileTransformer.transform(ClassFileTransformer.java:244)
	at java.instrument/sun.instrument.TransformerManager.transform(TransformerManager.java:188)
	at java.instrument/sun.instrument.InstrumentationImpl.transform(InstrumentationImpl.java:610)
	at java.base/java.lang.ClassLoader.defineClass2(Native Method)
	at java.base/java.lang.ClassLoader.defineClass(ClassLoader.java:1118)
	at java.base/java.security.SecureClassLoader.defineClass(SecureClassLoader.java:182)
	at java.base/jdk.internal.loader.BuiltinClassLoader.defineClass(BuiltinClassLoader.java:821)
	at java.base/jdk.internal.loader.BuiltinClassLoader.findClassInModuleOrNull(BuiltinClassLoader.java:741)
	at java.base/jdk.internal.loader.BuiltinClassLoader.loadClassOrNull(BuiltinClassLoader.java:665)
	at java.base/jdk.internal.loader.BuiltinClassLoader.loadClassOrNull(BuiltinClassLoader.java:700)
	at java.base/jdk.internal.loader.BuiltinClassLoader.loadClassOrNull(BuiltinClassLoader.java:669)
	at java.base/jdk.internal.loader.BuiltinClassLoader.loadClass(BuiltinClassLoader.java:639)
	at java.base/jdk.internal.loader.ClassLoaders$AppClassLoader.loadClass(ClassLoaders.java:188)
	at java.base/java.lang.ClassLoader.loadClass(ClassLoader.java:526)
	at org.junit.jupiter.engine.script.ScriptExecutionManager.<init>(ScriptExecutionManager.java:37)
	at org.junit.jupiter.engine.extension.ScriptExecutionEvaluator.<init>(ScriptExecutionEvaluator.java:42)
	at java.base/jdk.internal.reflect.DirectConstructorHandleAccessor.newInstance(DirectConstructorHandleAccessor.java:62)
	at java.base/java.lang.reflect.Constructor.newInstanceWithCaller(Constructor.java:502)
	at java.base/java.lang.reflect.Constructor.newInstance(Constructor.java:486)
	at org.junit.jupiter.engine.extension.ScriptExecutionCondition$Evaluator.forName(ScriptExecutionCondition.java:153)
	at org.junit.jupiter.engine.extension.ScriptExecutionCondition$Evaluator.forName(ScriptExecutionCondition.java:133)
	at org.junit.jupiter.engine.extension.ScriptExecutionCondition.<init>(ScriptExecutionCondition.java:55)
	at org.junit.jupiter.engine.extension.ScriptExecutionCondition.<init>(ScriptExecutionCondition.java:50)
	at org.junit.jupiter.engine.extension.ExtensionRegistry.<clinit>(ExtensionRegistry.java:55)
	at org.junit.jupiter.engine.descriptor.JupiterEngineDescriptor.prepare(JupiterEngineDescriptor.java:37)
	at org.junit.jupiter.engine.descriptor.JupiterEngineDescriptor.prepare(JupiterEngineDescriptor.java:28)
	at org.junit.platform.engine.support.hierarchical.NodeTestTask.lambda$prepare$0(NodeTestTask.java:83)
	at org.junit.platform.engine.support.hierarchical.ThrowableCollector.execute(ThrowableCollector.java:72)
	at org.junit.platform.engine.support.hierarchical.NodeTestTask.prepare(NodeTestTask.java:83)
	at org.junit.platform.engine.support.hierarchical.NodeTestTask.execute(NodeTestTask.java:69)
	at org.junit.platform.engine.support.hierarchical.SameThreadHierarchicalTestExecutorService.submit(SameThreadHierarchicalTestExecutorService.java:32)
	at org.junit.platform.engine.support.hierarchical.HierarchicalTestExecutor.execute(HierarchicalTestExecutor.java:57)
	at org.junit.platform.engine.support.hierarchical.HierarchicalTestEngine.execute(HierarchicalTestEngine.java:51)
	at org.junit.platform.launcher.core.DefaultLauncher.execute(DefaultLauncher.java:170)
	at org.junit.platform.launcher.core.DefaultLauncher.execute(DefaultLauncher.java:154)
	at org.junit.platform.launcher.core.DefaultLauncher.execute(DefaultLauncher.java:90)
	at org.junit.platform.surefire.provider.JUnitPlatformProvider.invokeAllTests(JUnitPlatformProvider.java:132)
	at org.junit.platform.surefire.provider.JUnitPlatformProvider.invoke(JUnitPlatformProvider.java:111)
	at org.apache.maven.surefire.booter.ForkedBooter.invokeProviderInSameClassLoader(ForkedBooter.java:379)
	at org.apache.maven.surefire.booter.ForkedBooter.runSuitesInProcess(ForkedBooter.java:340)
	at org.apache.maven.surefire.booter.ForkedBooter.execute(ForkedBooter.java:125)
	at org.apache.maven.surefire.booter.ForkedBooter.main(ForkedBooter.java:413)
Caused by: java.io.IOException: Error while instrumenting javax/script/ScriptEngineManager.
	at org.jacoco.agent.rt.internal_43f5073.core.instr.Instrumenter.instrumentError(Instrumenter.java:159)
	at org.jacoco.agent.rt.internal_43f5073.core.instr.Instrumenter.instrument(Instrumenter.java:109)
	at org.jacoco.agent.rt.internal_43f5073.CoverageTransformer.transform(CoverageTransformer.java:92)
	... 42 more
Caused by: java.lang.IllegalArgumentException: Unsupported class file major version 65
	at org.jacoco.agent.rt.internal_43f5073.asm.ClassReader.<init>(ClassReader.java:195)
	at org.jacoco.agent.rt.internal_43f5073.asm.ClassReader.<init>(ClassReader.java:176)
	at org.jacoco.agent.rt.internal_43f5073.asm.ClassReader.<init>(ClassReader.java:162)
	at org.jacoco.agent.rt.internal_43f5073.core.internal.instr.InstrSupport.classReaderFor(InstrSupport.java:280)
	at org.jacoco.agent.rt.internal_43f5073.core.instr.Instrumenter.instrument(Instrumenter.java:75)
	at org.jacoco.agent.rt.internal_43f5073.core.instr.Instrumenter.instrument(Instrumenter.java:107)
	... 43 more
java.lang.instrument.IllegalClassFormatException: Error while instrumenting javax/script/ScriptEngineFactory.
	at org.jacoco.agent.rt.internal_43f5073.CoverageTransformer.transform(CoverageTransformer.java:94)
	at java.instrument/java.lang.instrument.ClassFileTransformer.transform(ClassFileTransformer.java:244)
	at java.instrument/sun.instrument.TransformerManager.transform(TransformerManager.java:188)
	at java.instrument/sun.instrument.InstrumentationImpl.transform(InstrumentationImpl.java:610)
	at java.base/java.lang.ClassLoader.defineClass2(Native Method)
	at java.base/java.lang.ClassLoader.defineClass(ClassLoader.java:1118)
	at java.base/java.security.SecureClassLoader.defineClass(SecureClassLoader.java:182)
	at java.base/jdk.internal.loader.BuiltinClassLoader.defineClass(BuiltinClassLoader.java:821)
	at java.base/jdk.internal.loader.BuiltinClassLoader.findClassInModuleOrNull(BuiltinClassLoader.java:741)
	at java.base/jdk.internal.loader.BuiltinClassLoader.loadClassOrNull(BuiltinClassLoader.java:665)
	at java.base/jdk.internal.loader.BuiltinClassLoader.loadClass(BuiltinClassLoader.java:639)
	at java.base/java.lang.ClassLoader.loadClass(ClassLoader.java:526)
	at java.scripting/javax.script.ScriptEngineManager.<clinit>(ScriptEngineManager.java:315)
	at org.junit.jupiter.engine.script.ScriptExecutionManager.<init>(ScriptExecutionManager.java:37)
	at org.junit.jupiter.engine.extension.ScriptExecutionEvaluator.<init>(ScriptExecutionEvaluator.java:42)
	at java.base/jdk.internal.reflect.DirectConstructorHandleAccessor.newInstance(DirectConstructorHandleAccessor.java:62)
	at java.base/java.lang.reflect.Constructor.newInstanceWithCaller(Constructor.java:502)
	at java.base/java.lang.reflect.Constructor.newInstance(Constructor.java:486)
	at org.junit.jupiter.engine.extension.ScriptExecutionCondition$Evaluator.forName(ScriptExecutionCondition.java:153)
	at org.junit.jupiter.engine.extension.ScriptExecutionCondition$Evaluator.forName(ScriptExecutionCondition.java:133)
	at org.junit.jupiter.engine.extension.ScriptExecutionCondition.<init>(ScriptExecutionCondition.java:55)
	at org.junit.jupiter.engine.extension.ScriptExecutionCondition.<init>(ScriptExecutionCondition.java:50)
	at org.junit.jupiter.engine.extension.ExtensionRegistry.<clinit>(ExtensionRegistry.java:55)
	at org.junit.jupiter.engine.descriptor.JupiterEngineDescriptor.prepare(JupiterEngineDescriptor.java:37)
	at org.junit.jupiter.engine.descriptor.JupiterEngineDescriptor.prepare(JupiterEngineDescriptor.java:28)
	at org.junit.platform.engine.support.hierarchical.NodeTestTask.lambda$prepare$0(NodeTestTask.java:83)
	at org.junit.platform.engine.support.hierarchical.ThrowableCollector.execute(ThrowableCollector.java:72)
	at org.junit.platform.engine.support.hierarchical.NodeTestTask.prepare(NodeTestTask.java:83)
	at org.junit.platform.engine.support.hierarchical.NodeTestTask.execute(NodeTestTask.java:69)
	at org.junit.platform.engine.support.hierarchical.SameThreadHierarchicalTestExecutorService.submit(SameThreadHierarchicalTestExecutorService.java:32)
	at org.junit.platform.engine.support.hierarchical.HierarchicalTestExecutor.execute(HierarchicalTestExecutor.java:57)
	at org.junit.platform.engine.support.hierarchical.HierarchicalTestEngine.execute(HierarchicalTestEngine.java:51)
	at org.junit.platform.launcher.core.DefaultLauncher.execute(DefaultLauncher.java:170)
	at org.junit.platform.launcher.core.DefaultLauncher.execute(DefaultLauncher.java:154)
	at org.junit.platform.launcher.core.DefaultLauncher.execute(DefaultLauncher.java:90)
	at org.junit.platform.surefire.provider.JUnitPlatformProvider.invokeAllTests(JUnitPlatformProvider.java:132)
	at org.junit.platform.surefire.provider.JUnitPlatformProvider.invoke(JUnitPlatformProvider.java:111)
	at org.apache.maven.surefire.booter.ForkedBooter.invokeProviderInSameClassLoader(ForkedBooter.java:379)
	at org.apache.maven.surefire.booter.ForkedBooter.runSuitesInProcess(ForkedBooter.java:340)
	at org.apache.maven.surefire.booter.ForkedBooter.execute(ForkedBooter.java:125)
	at org.apache.maven.surefire.booter.ForkedBooter.main(ForkedBooter.java:413)
Caused by: java.io.IOException: Error while instrumenting javax/script/ScriptEngineFactory.
	at org.jacoco.agent.rt.internal_43f5073.core.instr.Instrumenter.instrumentError(Instrumenter.java:159)
	at org.jacoco.agent.rt.internal_43f5073.core.instr.Instrumenter.instrument(Instrumenter.java:109)
	at org.jacoco.agent.rt.internal_43f5073.CoverageTransformer.transform(CoverageTransformer.java:92)
	... 40 more
Caused by: java.lang.IllegalArgumentException: Unsupported class file major version 65
	at org.jacoco.agent.rt.internal_43f5073.asm.ClassReader.<init>(ClassReader.java:195)
	at org.jacoco.agent.rt.internal_43f5073.asm.ClassReader.<init>(ClassReader.java:176)
	at org.jacoco.agent.rt.internal_43f5073.asm.ClassReader.<init>(ClassReader.java:162)
	at org.jacoco.agent.rt.internal_43f5073.core.internal.instr.InstrSupport.classReaderFor(InstrSupport.java:280)
	at org.jacoco.agent.rt.internal_43f5073.core.instr.Instrumenter.instrument(Instrumenter.java:75)
	at org.jacoco.agent.rt.internal_43f5073.core.instr.Instrumenter.instrument(Instrumenter.java:107)
	... 41 more
java.lang.instrument.IllegalClassFormatException: Error while instrumenting javax/script/SimpleBindings.
	at org.jacoco.agent.rt.internal_43f5073.CoverageTransformer.transform(CoverageTransformer.java:94)
	at java.instrument/java.lang.instrument.ClassFileTransformer.transform(ClassFileTransformer.java:244)
	at java.instrument/sun.instrument.TransformerManager.transform(TransformerManager.java:188)
	at java.instrument/sun.instrument.InstrumentationImpl.transform(InstrumentationImpl.java:610)
	at java.base/java.lang.ClassLoader.defineClass2(Native Method)
	at java.base/java.lang.ClassLoader.defineClass(ClassLoader.java:1118)
	at java.base/java.security.SecureClassLoader.defineClass(SecureClassLoader.java:182)
	at java.base/jdk.internal.loader.BuiltinClassLoader.defineClass(BuiltinClassLoader.java:821)
	at java.base/jdk.internal.loader.BuiltinClassLoader.findClassInModuleOrNull(BuiltinClassLoader.java:741)
	at java.base/jdk.internal.loader.BuiltinClassLoader.loadClassOrNull(BuiltinClassLoader.java:665)
	at java.base/jdk.internal.loader.BuiltinClassLoader.loadClass(BuiltinClassLoader.java:639)
	at java.base/java.lang.ClassLoader.loadClass(ClassLoader.java:526)
	at java.scripting/javax.script.ScriptEngineManager.<init>(ScriptEngineManager.java:333)
	at java.scripting/javax.script.ScriptEngineManager.<init>(ScriptEngineManager.java:63)
	at org.junit.jupiter.engine.script.ScriptExecutionManager.<init>(ScriptExecutionManager.java:37)
	at org.junit.jupiter.engine.extension.ScriptExecutionEvaluator.<init>(ScriptExecutionEvaluator.java:42)
	at java.base/jdk.internal.reflect.DirectConstructorHandleAccessor.newInstance(DirectConstructorHandleAccessor.java:62)
	at java.base/java.lang.reflect.Constructor.newInstanceWithCaller(Constructor.java:502)
	at java.base/java.lang.reflect.Constructor.newInstance(Constructor.java:486)
	at org.junit.jupiter.engine.extension.ScriptExecutionCondition$Evaluator.forName(ScriptExecutionCondition.java:153)
	at org.junit.jupiter.engine.extension.ScriptExecutionCondition$Evaluator.forName(ScriptExecutionCondition.java:133)
	at org.junit.jupiter.engine.extension.ScriptExecutionCondition.<init>(ScriptExecutionCondition.java:55)
	at org.junit.jupiter.engine.extension.ScriptExecutionCondition.<init>(ScriptExecutionCondition.java:50)
	at org.junit.jupiter.engine.extension.ExtensionRegistry.<clinit>(ExtensionRegistry.java:55)
	at org.junit.jupiter.engine.descriptor.JupiterEngineDescriptor.prepare(JupiterEngineDescriptor.java:37)
	at org.junit.jupiter.engine.descriptor.JupiterEngineDescriptor.prepare(JupiterEngineDescriptor.java:28)
	at org.junit.platform.engine.support.hierarchical.NodeTestTask.lambda$prepare$0(NodeTestTask.java:83)
	at org.junit.platform.engine.support.hierarchical.ThrowableCollector.execute(ThrowableCollector.java:72)
	at org.junit.platform.engine.support.hierarchical.NodeTestTask.prepare(NodeTestTask.java:83)
	at org.junit.platform.engine.support.hierarchical.NodeTestTask.execute(NodeTestTask.java:69)
	at org.junit.platform.engine.support.hierarchical.SameThreadHierarchicalTestExecutorService.submit(SameThreadHierarchicalTestExecutorService.java:32)
	at org.junit.platform.engine.support.hierarchical.HierarchicalTestExecutor.execute(HierarchicalTestExecutor.java:57)
	at org.junit.platform.engine.support.hierarchical.HierarchicalTestEngine.execute(HierarchicalTestEngine.java:51)
	at org.junit.platform.launcher.core.DefaultLauncher.execute(DefaultLauncher.java:170)
	at org.junit.platform.launcher.core.DefaultLauncher.execute(DefaultLauncher.java:154)
	at org.junit.platform.launcher.core.DefaultLauncher.execute(DefaultLauncher.java:90)
	at org.junit.platform.surefire.provider.JUnitPlatformProvider.invokeAllTests(JUnitPlatformProvider.java:132)
	at org.junit.platform.surefire.provider.JUnitPlatformProvider.invoke(JUnitPlatformProvider.java:111)
	at org.apache.maven.surefire.booter.ForkedBooter.invokeProviderInSameClassLoader(ForkedBooter.java:379)
	at org.apache.maven.surefire.booter.ForkedBooter.runSuitesInProcess(ForkedBooter.java:340)
	at org.apache.maven.surefire.booter.ForkedBooter.execute(ForkedBooter.java:125)
	at org.apache.maven.surefire.booter.ForkedBooter.main(ForkedBooter.java:413)
Caused by: java.io.IOException: Error while instrumenting javax/script/SimpleBindings.
	at org.jacoco.agent.rt.internal_43f5073.core.instr.Instrumenter.instrumentError(Instrumenter.java:159)
	at org.jacoco.agent.rt.internal_43f5073.core.instr.Instrumenter.instrument(Instrumenter.java:109)
	at org.jacoco.agent.rt.internal_43f5073.CoverageTransformer.transform(CoverageTransformer.java:92)
	... 41 more
Caused by: java.lang.IllegalArgumentException: Unsupported class file major version 65
	at org.jacoco.agent.rt.internal_43f5073.asm.ClassReader.<init>(ClassReader.java:195)
	at org.jacoco.agent.rt.internal_43f5073.asm.ClassReader.<init>(ClassReader.java:176)
	at org.jacoco.agent.rt.internal_43f5073.asm.ClassReader.<init>(ClassReader.java:162)
	at org.jacoco.agent.rt.internal_43f5073.core.internal.instr.InstrSupport.classReaderFor(InstrSupport.java:280)
	at org.jacoco.agent.rt.internal_43f5073.core.instr.Instrumenter.instrument(Instrumenter.java:75)
	at org.jacoco.agent.rt.internal_43f5073.core.instr.Instrumenter.instrument(Instrumenter.java:107)
	... 42 more
]]></system-err>
  </testcase>
  <testcase name="calculateFareCarWith30ParkingTime" classname="com.parkit.parkingsystem.FareCalculatorServiceTest" time="0">
    <failure message="expected: &lt;0.0&gt; but was: &lt;1.5&gt;" type="org.opentest4j.AssertionFailedError"><![CDATA[org.opentest4j.AssertionFailedError: expected: <0.0> but was: <1.5>
	at com.parkit.parkingsystem.FareCalculatorServiceTest.calculateFareCarWith30ParkingTime(FareCalculatorServiceTest.java:140)
]]></failure>
  </testcase>
  <testcase name="calculateFareUnkownType" classname="com.parkit.parkingsystem.FareCalculatorServiceTest" time="0"/>
  <testcase name="calculateFareCar" classname="com.parkit.parkingsystem.FareCalculatorServiceTest" time="0"/>
  <testcase name="calculateFareBike" classname="com.parkit.parkingsystem.FareCalculatorServiceTest" time="0"/>
  <testcase name="calculateFareCarWithMoreThanADayParkingTime" classname="com.parkit.parkingsystem.FareCalculatorServiceTest" time="0"/>
  <testcase name="calculateFareBikeWithLessThanOneHourParkingTime" classname="com.parkit.parkingsystem.FareCalculatorServiceTest" time="0">
    <failure message="expected: &lt;0.75&gt; but was: &lt;1.0&gt;" type="org.opentest4j.AssertionFailedError"><![CDATA[org.opentest4j.AssertionFailedError: expected: <0.75> but was: <1.0>
	at com.parkit.parkingsystem.FareCalculatorServiceTest.calculateFareBikeWithLessThanOneHourParkingTime(FareCalculatorServiceTest.java:96)
]]></failure>
  </testcase>
  <testcase name="calculateFareBikeWith30ParkingTime" classname="com.parkit.parkingsystem.FareCalculatorServiceTest" time="0.001">
    <failure message="expected: &lt;0.0&gt; but was: &lt;1.0&gt;" type="org.opentest4j.AssertionFailedError"><![CDATA[org.opentest4j.AssertionFailedError: expected: <0.0> but was: <1.0>
	at com.parkit.parkingsystem.FareCalculatorServiceTest.calculateFareBikeWith30ParkingTime(FareCalculatorServiceTest.java:125)
]]></failure>
  </testcase>
  <testcase name="calculateFareBikeWithFutureInTime" classname="com.parkit.parkingsystem.FareCalculatorServiceTest" time="0.016"/>
</testsuite>