<?xml version="1.0" encoding="UTF-8"?>
<testsuite xmlns:xsi="http://www.w3.org/2001/XMLSchema-instance" xsi:noNamespaceSchemaLocation="https://maven.apache.org/surefire/maven-surefire-plugin/xsd/surefire-test-report.xsd" name="com.parkit.parkingsystem.integration.ParkingDataBaseIT" time="8.222" tests="4" errors="0" skipped="0" failures="0">
  <properties>
[...]
</properties>
  <testcase name="testParkingLotExit_CAR_With1HourParking" classname="com.parkit.parkingsystem.integration.ParkingDataBaseIT" time="3.343"/>
  <testcase name="testParkingLotExit_RecurringCustomer_CAR_With1HourParking" classname="com.parkit.parkingsystem.integration.ParkingDataBaseIT" time="1.715"/>
  <testcase name="testParkingLotExit_CAR" classname="com.parkit.parkingsystem.integration.ParkingDataBaseIT" time="1.381"/>
  <testcase name="testParkingACar" classname="com.parkit.parkingsystem.integration.ParkingDataBaseIT" time="0.203"/>
</testsuite>